2025-12-15 19:57:22 SUBSCRIPTION LIMIT: Your request exceeds the number of symbols you can subscribe to for your plan. Your number of max allowed subscription is 5. | tracking 7 symbols: ['IVP', 'VERO', 'NAMI', 'AMCI', 'KAVL', 'RILY', 'CLIK']
2025-12-15 20:05:28 SUBSCRIPTION LIMIT: Your request exceeds the number of symbols you can subscribe to for your plan. Your number of max allowed subscription is 5. | tracking 7 symbols: ['AMCI', 'KAVL', 'VERO', 'NAMI', 'RILY', 'CLIK', 'IVP']
2025-12-16 04:00:07 SUBSCRIPTION LIMIT: Your request exceeds the number of symbols you can subscribe to for your plan. Your number of max allowed subscription is 5. | tracking 6 symbols: ['CLIK', 'NAMI', 'IVP', 'WOK', 'AMCI', 'KAVL']
2025-12-16 04:00:17 SUBSCRIPTION LIMIT: Your request exceeds the number of symbols you can subscribe to for your plan. Your number of max allowed subscription is 5. | tracking 7 symbols: ['CLIK', 'NAMI', 'INHD', 'IVP', 'WOK', 'AMCI', 'KAVL']
2025-12-16 04:02:07 SUBSCRIPTION LIMIT: Your request exceeds the number of symbols you can subscribe to for your plan. Your number of max allowed subscription is 5. | tracking 6 symbols: ['CLIK', 'NAMI', 'INHD', 'IVP', 'WOK', 'KAVL']
2025-12-16 09:35:41 SUBSCRIPTION LIMIT: Your request exceeds the number of symbols you can subscribe to for your plan. Your number of max allowed subscription is 5. | tracking 6 symbols: ['BEAT', 'ONDS', 'AXTI', 'NTWK', 'DVLT', 'CGC']
2025-12-16 09:35:58 SUBSCRIPTION LIMIT: Your request exceeds the number of symbols you can subscribe to for your plan. Your number of max allowed subscription is 5. | tracking 7 symbols: ['BEAT', 'ONDS', 'AXTI', 'NTWK', 'DVLT', 'RR', 'CGC']
2025-12-16 09:36:18 SUBSCRIPTION LIMIT: Your request exceeds the number of symbols you can subscribe to for your plan. Your number of max allowed subscription is 5. | tracking 8 symbols: ['BEAT', 'ONDS', 'AXTI', 'NTWK', 'DVLT', 'TLRY', 'RR', 'CGC']
2025-12-16 09:37:13 SUBSCRIPTION LIMIT: Your request exceeds the number of symbols you can subscribe to for your plan. Your number of max allowed subscription is 5. | tracking 7 symbols: ['ONDS', 'AXTI', 'NTWK', 'DVLT', 'TLRY', 'RR', 'CGC']
2025-12-16 09:37:15 SUBSCRIPTION LIMIT: Your request exceeds the number of symbols you can subscribe to for your plan. Your number of max allowed subscription is 5. | tracking 8 symbols: ['BEAT', 'ONDS', 'AXTI', 'NTWK', 'DVLT', 'TLRY', 'RR', 'CGC']
2025-12-16 09:38:15 SUBSCRIPTION LIMIT: Your request exceeds the number of symbols you can subscribe to for your plan. Your number of max allowed subscription is 5. | tracking 9 symbols: ['BEAT', 'FRMI', 'ONDS', 'AXTI', 'NTWK', 'DVLT', 'TLRY', 'RR', 'CGC']
2025-12-16 09:39:07 SUBSCRIPTION LIMIT: Your request exceeds the number of symbols you can subscribe to for your plan. Your number of max allowed subscription is 5. | tracking 9 symbols: ['BEAT', 'FRMI', 'ONDS', 'AXTI', 'NTWK', 'DVLT', 'TLRY', 'RR', 'CGC']
2025-12-16 09:39:36 SUBSCRIPTION LIMIT: Your request exceeds the number of symbols you can subscribe to for your plan. Your number of max allowed subscription is 5. | tracking 10 symbols: ['BEAT', 'FRMI', 'ONDS', 'MIST', 'AXTI', 'NTWK', 'DVLT', 'TLRY', 'RR', 'CGC']
2025-12-16 09:41:41 SUBSCRIPTION LIMIT: Your request exceeds the number of symbols you can subscribe to for your plan. Your number of max allowed subscription is 5. | tracking 9 symbols: ['BEAT', 'FRMI', 'ONDS', 'MIST', 'AXTI', 'NTWK', 'DVLT', 'TLRY', 'RR']
2025-12-16 09:42:05 SUBSCRIPTION LIMIT: Your request exceeds the number of symbols you can subscribe to for your plan. Your number of max allowed subscription is 5. | tracking 8 symbols: ['FRMI', 'ONDS', 'MIST', 'AXTI', 'NTWK', 'DVLT', 'TLRY', 'RR']
2025-12-16 09:45:10 SUBSCRIPTION LIMIT: Your request exceeds the number of symbols you can subscribe to for your plan. Your number of max allowed subscription is 5. | tracking 9 symbols: ['ALDX', 'FRMI', 'ONDS', 'MIST', 'AXTI', 'NTWK', 'DVLT', 'TLRY', 'RR']
2025-12-16 09:45:11 SUBSCRIPTION LIMIT: Your request exceeds the number of symbols you can subscribe to for your plan. Your number of max allowed subscription is 5. | tracking 9 symbols: ['ALDX', 'FRMI', 'ONDS', 'MIST', 'AXTI', 'NTWK', 'DVLT', 'TLRY', 'RR']
2025-12-16 09:46:47 SUBSCRIPTION LIMIT: Your request exceeds the number of symbols you can subscribe to for your plan. Your number of max allowed subscription is 5. | tracking 9 symbols: ['ALDX', 'FRMI', 'ONDS', 'MIST', 'AXTI', 'NTWK', 'DVLT', 'TLRY', 'RR']
2025-12-16 10:00:07 SUBSCRIPTION LIMIT: Your request exceeds the number of symbols you can subscribe to for your plan. Your number of max allowed subscription is 5. | tracking 10 symbols: ['ALDX', 'FRMI', 'ONDS', 'MIST', 'AXTI', 'NTWK', 'DVLT', 'TLRY', 'RR', 'GRWG']
2025-12-16 10:00:08 SUBSCRIPTION LIMIT: Your request exceeds the number of symbols you can subscribe to for your plan. Your number of max allowed subscription is 5. | tracking 10 symbols: ['ALDX', 'FRMI', 'ONDS', 'MIST', 'AXTI', 'NTWK', 'DVLT', 'TLRY', 'RR', 'GRWG']
2025-12-16 10:05:14 SUBSCRIPTION LIMIT: Your request exceeds the number of symbols you can subscribe to for your plan. Your number of max allowed subscription is 5. | tracking 9 symbols: ['ALDX', 'FRMI', 'ONDS', 'MIST', 'AXTI', 'DVLT', 'TLRY', 'RR', 'GRWG']
2025-12-16 10:05:34 SUBSCRIPTION LIMIT: Your request exceeds the number of symbols you can subscribe to for your plan. Your number of max allowed subscription is 5. | tracking 10 symbols: ['ALDX', 'FRMI', 'ONDS', 'MIST', 'AXTI', 'VERO', 'DVLT', 'TLRY', 'RR', 'GRWG']
2025-12-16 10:10:06 SUBSCRIPTION LIMIT: Your request exceeds the number of symbols you can subscribe to for your plan. Your number of max allowed subscription is 5. | tracking 11 symbols: ['ALDX', 'FRMI', 'ONDS', 'MIST', 'AXTI', 'VERO', 'YCBD', 'DVLT', 'TLRY', 'RR', 'GRWG']
2025-12-16 10:13:47 SUBSCRIPTION LIMIT: Your request exceeds the number of symbols you can subscribe to for your plan. Your number of max allowed subscription is 5. | tracking 12 symbols: ['ALDX', 'FRMI', 'ONDS', 'MIST', 'AXTI', 'CHOW', 'VERO', 'YCBD', 'DVLT', 'TLRY', 'RR', 'GRWG']
2025-12-16 10:21:04 SUBSCRIPTION LIMIT: Your request exceeds the number of symbols you can subscribe to for your plan. Your number of max allowed subscription is 5. | tracking 13 symbols: ['ALDX', 'FRMI', 'ONDS', 'MIST', 'AXTI', 'CHOW', 'VERO', 'YCBD', 'GUTS', 'DVLT', 'TLRY', 'RR', 'GRWG']
2025-12-16 10:46:57 SUBSCRIPTION LIMIT: Your request exceeds the number of symbols you can subscribe to for your plan. Your number of max allowed subscription is 5. | tracking 13 symbols: ['ALDX', 'FRMI', 'ONDS', 'MIST', 'AXTI', 'CHOW', 'VERO', 'YCBD', 'GUTS', 'DVLT', 'TLRY', 'RR', 'GRWG']
2025-12-16 10:49:02 SUBSCRIPTION LIMIT: Your request exceeds the number of symbols you can subscribe to for your plan. Your number of max allowed subscription is 5. | tracking 13 symbols: ['ALDX', 'FRMI', 'ONDS', 'MIST', 'AXTI', 'CHOW', 'VERO', 'YCBD', 'GUTS', 'DVLT', 'TLRY', 'RR', 'GRWG']
2025-12-16 10:49:28 SUBSCRIPTION LIMIT: Your request exceeds the number of symbols you can subscribe to for your plan. Your number of max allowed subscription is 5. | tracking 13 symbols: ['ALDX', 'FRMI', 'ONDS', 'MIST', 'AXTI', 'CHOW', 'VERO', 'YCBD', 'GUTS', 'DVLT', 'TLRY', 'RR', 'GRWG']
2025-12-16 10:49:53 SUBSCRIPTION LIMIT: Your request exceeds the number of symbols you can subscribe to for your plan. Your number of max allowed subscription is 5. | tracking 13 symbols: ['ALDX', 'FRMI', 'ONDS', 'MIST', 'AXTI', 'CHOW', 'VERO', 'YCBD', 'GUTS', 'DVLT', 'TLRY', 'RR', 'GRWG']
2025-12-16 10:50:18 SUBSCRIPTION LIMIT: Your request exceeds the number of symbols you can subscribe to for your plan. Your number of max allowed subscription is 5. | tracking 13 symbols: ['ALDX', 'FRMI', 'ONDS', 'MIST', 'AXTI', 'CHOW', 'VERO', 'YCBD', 'GUTS', 'DVLT', 'TLRY', 'RR', 'GRWG']
2025-12-16 10:50:44 SUBSCRIPTION LIMIT: Your request exceeds the number of symbols you can subscribe to for your plan. Your number of max allowed subscription is 5. | tracking 13 symbols: ['ALDX', 'FRMI', 'ONDS', 'MIST', 'AXTI', 'CHOW', 'VERO', 'YCBD', 'GUTS', 'DVLT', 'TLRY', 'RR', 'GRWG']
2025-12-16 10:51:10 SUBSCRIPTION LIMIT: Your request exceeds the number of symbols you can subscribe to for your plan. Your number of max allowed subscription is 5. | tracking 13 symbols: ['ALDX', 'FRMI', 'ONDS', 'MIST', 'AXTI', 'CHOW', 'VERO', 'YCBD', 'GUTS', 'DVLT', 'TLRY', 'RR', 'GRWG']
2025-12-16 10:51:35 SUBSCRIPTION LIMIT: Your request exceeds the number of symbols you can subscribe to for your plan. Your number of max allowed subscription is 5. | tracking 13 symbols: ['ALDX', 'FRMI', 'ONDS', 'MIST', 'AXTI', 'CHOW', 'VERO', 'YCBD', 'GUTS', 'DVLT', 'TLRY', 'RR', 'GRWG']
2025-12-16 10:52:01 SUBSCRIPTION LIMIT: Your request exceeds the number of symbols you can subscribe to for your plan. Your number of max allowed subscription is 5. | tracking 13 symbols: ['ALDX', 'FRMI', 'ONDS', 'MIST', 'AXTI', 'CHOW', 'VERO', 'YCBD', 'GUTS', 'DVLT', 'TLRY', 'RR', 'GRWG']
2025-12-16 10:52:27 SUBSCRIPTION LIMIT: Your request exceeds the number of symbols you can subscribe to for your plan. Your number of max allowed subscription is 5. | tracking 13 symbols: ['ALDX', 'FRMI', 'ONDS', 'MIST', 'AXTI', 'CHOW', 'VERO', 'YCBD', 'GUTS', 'DVLT', 'TLRY', 'RR', 'GRWG']
2025-12-16 10:52:52 SUBSCRIPTION LIMIT: Your request exceeds the number of symbols you can subscribe to for your plan. Your number of max allowed subscription is 5. | tracking 13 symbols: ['ALDX', 'FRMI', 'ONDS', 'MIST', 'AXTI', 'CHOW', 'VERO', 'YCBD', 'GUTS', 'DVLT', 'TLRY', 'RR', 'GRWG']
2025-12-16 10:53:18 SUBSCRIPTION LIMIT: Your request exceeds the number of symbols you can subscribe to for your plan. Your number of max allowed subscription is 5. | tracking 13 symbols: ['ALDX', 'FRMI', 'ONDS', 'MIST', 'AXTI', 'CHOW', 'VERO', 'YCBD', 'GUTS', 'DVLT', 'TLRY', 'RR', 'GRWG']
2025-12-16 10:53:45 SUBSCRIPTION LIMIT: Your request exceeds the number of symbols you can subscribe to for your plan. Your number of max allowed subscription is 5. | tracking 13 symbols: ['ALDX', 'FRMI', 'ONDS', 'MIST', 'AXTI', 'CHOW', 'VERO', 'YCBD', 'GUTS', 'DVLT', 'TLRY', 'RR', 'GRWG']
2025-12-16 10:54:10 SUBSCRIPTION LIMIT: Your request exceeds the number of symbols you can subscribe to for your plan. Your number of max allowed subscription is 5. | tracking 13 symbols: ['ALDX', 'FRMI', 'ONDS', 'MIST', 'AXTI', 'CHOW', 'VERO', 'YCBD', 'GUTS', 'DVLT', 'TLRY', 'RR', 'GRWG']
2025-12-16 10:54:36 SUBSCRIPTION LIMIT: Your request exceeds the number of symbols you can subscribe to for your plan. Your number of max allowed subscription is 5. | tracking 13 symbols: ['ALDX', 'FRMI', 'ONDS', 'MIST', 'AXTI', 'CHOW', 'VERO', 'YCBD', 'GUTS', 'DVLT', 'TLRY', 'RR', 'GRWG']
2025-12-16 10:55:01 SUBSCRIPTION LIMIT: Your request exceeds the number of symbols you can subscribe to for your plan. Your number of max allowed subscription is 5. | tracking 13 symbols: ['ALDX', 'FRMI', 'ONDS', 'MIST', 'AXTI', 'CHOW', 'VERO', 'YCBD', 'GUTS', 'DVLT', 'TLRY', 'RR', 'GRWG']
2025-12-16 10:55:27 SUBSCRIPTION LIMIT: Your request exceeds the number of symbols you can subscribe to for your plan. Your number of max allowed subscription is 5. | tracking 13 symbols: ['ALDX', 'FRMI', 'ONDS', 'MIST', 'AXTI', 'CHOW', 'VERO', 'YCBD', 'GUTS', 'DVLT', 'TLRY', 'RR', 'GRWG']
2025-12-16 10:55:52 SUBSCRIPTION LIMIT: Your request exceeds the number of symbols you can subscribe to for your plan. Your number of max allowed subscription is 5. | tracking 13 symbols: ['ALDX', 'FRMI', 'ONDS', 'MIST', 'AXTI', 'CHOW', 'VERO', 'YCBD', 'GUTS', 'DVLT', 'TLRY', 'RR', 'GRWG']
2025-12-16 10:56:17 SUBSCRIPTION LIMIT: Your request exceeds the number of symbols you can subscribe to for your plan. Your number of max allowed subscription is 5. | tracking 13 symbols: ['ALDX', 'FRMI', 'ONDS', 'MIST', 'AXTI', 'CHOW', 'VERO', 'YCBD', 'GUTS', 'DVLT', 'TLRY', 'RR', 'GRWG']
2025-12-16 10:56:55 SUBSCRIPTION LIMIT: Your request exceeds the number of symbols you can subscribe to for your plan. Your number of max allowed subscription is 5. | tracking 13 symbols: ['ALDX', 'FRMI', 'ONDS', 'MIST', 'AXTI', 'CHOW', 'VERO', 'YCBD', 'GUTS', 'DVLT', 'TLRY', 'RR', 'GRWG']
2025-12-16 10:57:20 SUBSCRIPTION LIMIT: Your request exceeds the number of symbols you can subscribe to for your plan. Your number of max allowed subscription is 5. | tracking 13 symbols: ['ALDX', 'FRMI', 'ONDS', 'MIST', 'AXTI', 'CHOW', 'VERO', 'YCBD', 'GUTS', 'DVLT', 'TLRY', 'RR', 'GRWG']
2025-12-16 10:57:45 SUBSCRIPTION LIMIT: Your request exceeds the number of symbols you can subscribe to for your plan. Your number of max allowed subscription is 5. | tracking 13 symbols: ['ALDX', 'FRMI', 'ONDS', 'MIST', 'AXTI', 'CHOW', 'VERO', 'YCBD', 'GUTS', 'DVLT', 'TLRY', 'RR', 'GRWG']
2025-12-16 10:58:11 SUBSCRIPTION LIMIT: Your request exceeds the number of symbols you can subscribe to for your plan. Your number of max allowed subscription is 5. | tracking 13 symbols: ['ALDX', 'FRMI', 'ONDS', 'MIST', 'AXTI', 'CHOW', 'VERO', 'YCBD', 'GUTS', 'DVLT', 'TLRY', 'RR', 'GRWG']
2025-12-16 10:58:36 SUBSCRIPTION LIMIT: Your request exceeds the number of symbols you can subscribe to for your plan. Your number of max allowed subscription is 5. | tracking 13 symbols: ['ALDX', 'FRMI', 'ONDS', 'MIST', 'AXTI', 'CHOW', 'VERO', 'YCBD', 'GUTS', 'DVLT', 'TLRY', 'RR', 'GRWG']
2025-12-16 10:59:01 SUBSCRIPTION LIMIT: Your request exceeds the number of symbols you can subscribe to for your plan. Your number of max allowed subscription is 5. | tracking 13 symbols: ['ALDX', 'FRMI', 'ONDS', 'MIST', 'AXTI', 'CHOW', 'VERO', 'YCBD', 'GUTS', 'DVLT', 'TLRY', 'RR', 'GRWG']
2025-12-16 10:59:26 SUBSCRIPTION LIMIT: Your request exceeds the number of symbols you can subscribe to for your plan. Your number of max allowed subscription is 5. | tracking 13 symbols: ['ALDX', 'FRMI', 'ONDS', 'MIST', 'AXTI', 'CHOW', 'VERO', 'YCBD', 'GUTS', 'DVLT', 'TLRY', 'RR', 'GRWG']
2025-12-16 10:59:52 SUBSCRIPTION LIMIT: Your request exceeds the number of symbols you can subscribe to for your plan. Your number of max allowed subscription is 5. | tracking 13 symbols: ['ALDX', 'FRMI', 'ONDS', 'MIST', 'AXTI', 'CHOW', 'VERO', 'YCBD', 'GUTS', 'DVLT', 'TLRY', 'RR', 'GRWG']
2025-12-16 11:00:17 SUBSCRIPTION LIMIT: Your request exceeds the number of symbols you can subscribe to for your plan. Your number of max allowed subscription is 5. | tracking 13 symbols: ['ALDX', 'FRMI', 'ONDS', 'MIST', 'AXTI', 'CHOW', 'VERO', 'YCBD', 'GUTS', 'DVLT', 'TLRY', 'RR', 'GRWG']
2025-12-16 11:00:42 SUBSCRIPTION LIMIT: Your request exceeds the number of symbols you can subscribe to for your plan. Your number of max allowed subscription is 5. | tracking 13 symbols: ['ALDX', 'FRMI', 'ONDS', 'MIST', 'AXTI', 'CHOW', 'VERO', 'YCBD', 'GUTS', 'DVLT', 'TLRY', 'RR', 'GRWG']
2025-12-16 11:01:07 SUBSCRIPTION LIMIT: Your request exceeds the number of symbols you can subscribe to for your plan. Your number of max allowed subscription is 5. | tracking 13 symbols: ['ALDX', 'FRMI', 'ONDS', 'MIST', 'AXTI', 'CHOW', 'VERO', 'YCBD', 'GUTS', 'DVLT', 'TLRY', 'RR', 'GRWG']
2025-12-16 11:01:32 SUBSCRIPTION LIMIT: Your request exceeds the number of symbols you can subscribe to for your plan. Your number of max allowed subscription is 5. | tracking 13 symbols: ['ALDX', 'FRMI', 'ONDS', 'MIST', 'AXTI', 'CHOW', 'VERO', 'YCBD', 'GUTS', 'DVLT', 'TLRY', 'RR', 'GRWG']
2025-12-16 11:01:57 SUBSCRIPTION LIMIT: Your request exceeds the number of symbols you can subscribe to for your plan. Your number of max allowed subscription is 5. | tracking 13 symbols: ['ALDX', 'FRMI', 'ONDS', 'MIST', 'AXTI', 'CHOW', 'VERO', 'YCBD', 'GUTS', 'DVLT', 'TLRY', 'RR', 'GRWG']
2025-12-16 11:02:22 SUBSCRIPTION LIMIT: Your request exceeds the number of symbols you can subscribe to for your plan. Your number of max allowed subscription is 5. | tracking 13 symbols: ['ALDX', 'FRMI', 'ONDS', 'MIST', 'AXTI', 'CHOW', 'VERO', 'YCBD', 'GUTS', 'DVLT', 'TLRY', 'RR', 'GRWG']
2025-12-16 11:02:48 SUBSCRIPTION LIMIT: Your request exceeds the number of symbols you can subscribe to for your plan. Your number of max allowed subscription is 5. | tracking 13 symbols: ['ALDX', 'FRMI', 'ONDS', 'MIST', 'AXTI', 'CHOW', 'VERO', 'YCBD', 'GUTS', 'DVLT', 'TLRY', 'RR', 'GRWG']
2025-12-16 11:03:14 SUBSCRIPTION LIMIT: Your request exceeds the number of symbols you can subscribe to for your plan. Your number of max allowed subscription is 5. | tracking 13 symbols: ['ALDX', 'FRMI', 'ONDS', 'MIST', 'AXTI', 'CHOW', 'VERO', 'YCBD', 'GUTS', 'DVLT', 'TLRY', 'RR', 'GRWG']
2025-12-16 11:03:39 SUBSCRIPTION LIMIT: Your request exceeds the number of symbols you can subscribe to for your plan. Your number of max allowed subscription is 5. | tracking 13 symbols: ['ALDX', 'FRMI', 'ONDS', 'MIST', 'AXTI', 'CHOW', 'VERO', 'YCBD', 'GUTS', 'DVLT', 'TLRY', 'RR', 'GRWG']
2025-12-16 11:04:04 SUBSCRIPTION LIMIT: Your request exceeds the number of symbols you can subscribe to for your plan. Your number of max allowed subscription is 5. | tracking 13 symbols: ['ALDX', 'FRMI', 'ONDS', 'MIST', 'AXTI', 'CHOW', 'VERO', 'YCBD', 'GUTS', 'DVLT', 'TLRY', 'RR', 'GRWG']
2025-12-16 11:04:29 SUBSCRIPTION LIMIT: Your request exceeds the number of symbols you can subscribe to for your plan. Your number of max allowed subscription is 5. | tracking 13 symbols: ['ALDX', 'FRMI', 'ONDS', 'MIST', 'AXTI', 'CHOW', 'VERO', 'YCBD', 'GUTS', 'DVLT', 'TLRY', 'RR', 'GRWG']
2025-12-16 11:04:54 SUBSCRIPTION LIMIT: Your request exceeds the number of symbols you can subscribe to for your plan. Your number of max allowed subscription is 5. | tracking 13 symbols: ['ALDX', 'FRMI', 'ONDS', 'MIST', 'AXTI', 'CHOW', 'VERO', 'YCBD', 'GUTS', 'DVLT', 'TLRY', 'RR', 'GRWG']
2025-12-16 11:05:20 SUBSCRIPTION LIMIT: Your request exceeds the number of symbols you can subscribe to for your plan. Your number of max allowed subscription is 5. | tracking 13 symbols: ['ALDX', 'FRMI', 'ONDS', 'MIST', 'AXTI', 'CHOW', 'VERO', 'YCBD', 'GUTS', 'DVLT', 'TLRY', 'RR', 'GRWG']
2025-12-16 11:05:45 SUBSCRIPTION LIMIT: Your request exceeds the number of symbols you can subscribe to for your plan. Your number of max allowed subscription is 5. | tracking 13 symbols: ['ALDX', 'FRMI', 'ONDS', 'MIST', 'AXTI', 'CHOW', 'VERO', 'YCBD', 'GUTS', 'DVLT', 'TLRY', 'RR', 'GRWG']
2025-12-16 11:06:11 SUBSCRIPTION LIMIT: Your request exceeds the number of symbols you can subscribe to for your plan. Your number of max allowed subscription is 5. | tracking 13 symbols: ['ALDX', 'FRMI', 'ONDS', 'MIST', 'AXTI', 'CHOW', 'VERO', 'YCBD', 'GUTS', 'DVLT', 'TLRY', 'RR', 'GRWG']
2025-12-16 11:06:36 SUBSCRIPTION LIMIT: Your request exceeds the number of symbols you can subscribe to for your plan. Your number of max allowed subscription is 5. | tracking 13 symbols: ['ALDX', 'FRMI', 'ONDS', 'MIST', 'AXTI', 'CHOW', 'VERO', 'YCBD', 'GUTS', 'DVLT', 'TLRY', 'RR', 'GRWG']
2025-12-16 11:07:01 SUBSCRIPTION LIMIT: Your request exceeds the number of symbols you can subscribe to for your plan. Your number of max allowed subscription is 5. | tracking 13 symbols: ['ALDX', 'FRMI', 'ONDS', 'MIST', 'AXTI', 'CHOW', 'VERO', 'YCBD', 'GUTS', 'DVLT', 'TLRY', 'RR', 'GRWG']
2025-12-16 11:07:26 SUBSCRIPTION LIMIT: Your request exceeds the number of symbols you can subscribe to for your plan. Your number of max allowed subscription is 5. | tracking 13 symbols: ['ALDX', 'FRMI', 'ONDS', 'MIST', 'AXTI', 'CHOW', 'VERO', 'YCBD', 'GUTS', 'DVLT', 'TLRY', 'RR', 'GRWG']
2025-12-16 11:07:52 SUBSCRIPTION LIMIT: Your request exceeds the number of symbols you can subscribe to for your plan. Your number of max allowed subscription is 5. | tracking 13 symbols: ['ALDX', 'FRMI', 'ONDS', 'MIST', 'AXTI', 'CHOW', 'VERO', 'YCBD', 'GUTS', 'DVLT', 'TLRY', 'RR', 'GRWG']
2025-12-16 11:08:17 SUBSCRIPTION LIMIT: Your request exceeds the number of symbols you can subscribe to for your plan. Your number of max allowed subscription is 5. | tracking 13 symbols: ['ALDX', 'FRMI', 'ONDS', 'MIST', 'AXTI', 'CHOW', 'VERO', 'YCBD', 'GUTS', 'DVLT', 'TLRY', 'RR', 'GRWG']
2025-12-16 11:08:42 SUBSCRIPTION LIMIT: Your request exceeds the number of symbols you can subscribe to for your plan. Your number of max allowed subscription is 5. | tracking 13 symbols: ['ALDX', 'FRMI', 'ONDS', 'MIST', 'AXTI', 'CHOW', 'VERO', 'YCBD', 'GUTS', 'DVLT', 'TLRY', 'RR', 'GRWG']
2025-12-16 11:09:08 SUBSCRIPTION LIMIT: Your request exceeds the number of symbols you can subscribe to for your plan. Your number of max allowed subscription is 5. | tracking 13 symbols: ['ALDX', 'FRMI', 'ONDS', 'MIST', 'AXTI', 'CHOW', 'VERO', 'YCBD', 'GUTS', 'DVLT', 'TLRY', 'RR', 'GRWG']
2025-12-16 11:09:33 SUBSCRIPTION LIMIT: Your request exceeds the number of symbols you can subscribe to for your plan. Your number of max allowed subscription is 5. | tracking 13 symbols: ['ALDX', 'FRMI', 'ONDS', 'MIST', 'AXTI', 'CHOW', 'VERO', 'YCBD', 'GUTS', 'DVLT', 'TLRY', 'RR', 'GRWG']
2025-12-16 11:09:58 SUBSCRIPTION LIMIT: Your request exceeds the number of symbols you can subscribe to for your plan. Your number of max allowed subscription is 5. | tracking 13 symbols: ['ALDX', 'FRMI', 'ONDS', 'MIST', 'AXTI', 'CHOW', 'VERO', 'YCBD', 'GUTS', 'DVLT', 'TLRY', 'RR', 'GRWG']
2025-12-16 11:10:23 SUBSCRIPTION LIMIT: Your request exceeds the number of symbols you can subscribe to for your plan. Your number of max allowed subscription is 5. | tracking 13 symbols: ['ALDX', 'FRMI', 'ONDS', 'MIST', 'AXTI', 'CHOW', 'VERO', 'YCBD', 'GUTS', 'DVLT', 'TLRY', 'RR', 'GRWG']
2025-12-16 11:10:48 SUBSCRIPTION LIMIT: Your request exceeds the number of symbols you can subscribe to for your plan. Your number of max allowed subscription is 5. | tracking 13 symbols: ['ALDX', 'FRMI', 'ONDS', 'MIST', 'AXTI', 'CHOW', 'VERO', 'YCBD', 'GUTS', 'DVLT', 'TLRY', 'RR', 'GRWG']
2025-12-16 11:11:14 SUBSCRIPTION LIMIT: Your request exceeds the number of symbols you can subscribe to for your plan. Your number of max allowed subscription is 5. | tracking 13 symbols: ['ALDX', 'FRMI', 'ONDS', 'MIST', 'AXTI', 'CHOW', 'VERO', 'YCBD', 'GUTS', 'DVLT', 'TLRY', 'RR', 'GRWG']
2025-12-16 11:11:39 SUBSCRIPTION LIMIT: Your request exceeds the number of symbols you can subscribe to for your plan. Your number of max allowed subscription is 5. | tracking 13 symbols: ['ALDX', 'FRMI', 'ONDS', 'MIST', 'AXTI', 'CHOW', 'VERO', 'YCBD', 'GUTS', 'DVLT', 'TLRY', 'RR', 'GRWG']
2025-12-16 11:12:04 SUBSCRIPTION LIMIT: Your request exceeds the number of symbols you can subscribe to for your plan. Your number of max allowed subscription is 5. | tracking 13 symbols: ['ALDX', 'FRMI', 'ONDS', 'MIST', 'AXTI', 'CHOW', 'VERO', 'YCBD', 'GUTS', 'DVLT', 'TLRY', 'RR', 'GRWG']
2025-12-16 11:12:29 SUBSCRIPTION LIMIT: Your request exceeds the number of symbols you can subscribe to for your plan. Your number of max allowed subscription is 5. | tracking 13 symbols: ['ALDX', 'FRMI', 'ONDS', 'MIST', 'AXTI', 'CHOW', 'VERO', 'YCBD', 'GUTS', 'DVLT', 'TLRY', 'RR', 'GRWG']
2025-12-16 11:12:54 SUBSCRIPTION LIMIT: Your request exceeds the number of symbols you can subscribe to for your plan. Your number of max allowed subscription is 5. | tracking 13 symbols: ['ALDX', 'FRMI', 'ONDS', 'MIST', 'AXTI', 'CHOW', 'VERO', 'YCBD', 'GUTS', 'DVLT', 'TLRY', 'RR', 'GRWG']
2025-12-16 11:13:20 SUBSCRIPTION LIMIT: Your request exceeds the number of symbols you can subscribe to for your plan. Your number of max allowed subscription is 5. | tracking 13 symbols: ['ALDX', 'FRMI', 'ONDS', 'MIST', 'AXTI', 'CHOW', 'VERO', 'YCBD', 'GUTS', 'DVLT', 'TLRY', 'RR', 'GRWG']
2025-12-16 11:13:45 SUBSCRIPTION LIMIT: Your request exceeds the number of symbols you can subscribe to for your plan. Your number of max allowed subscription is 5. | tracking 13 symbols: ['ALDX', 'FRMI', 'ONDS', 'MIST', 'AXTI', 'CHOW', 'VERO', 'YCBD', 'GUTS', 'DVLT', 'TLRY', 'RR', 'GRWG']
2025-12-16 11:14:10 SUBSCRIPTION LIMIT: Your request exceeds the number of symbols you can subscribe to for your plan. Your number of max allowed subscription is 5. | tracking 13 symbols: ['ALDX', 'FRMI', 'ONDS', 'MIST', 'AXTI', 'CHOW', 'VERO', 'YCBD', 'GUTS', 'DVLT', 'TLRY', 'RR', 'GRWG']
2025-12-16 11:14:35 SUBSCRIPTION LIMIT: Your request exceeds the number of symbols you can subscribe to for your plan. Your number of max allowed subscription is 5. | tracking 13 symbols: ['ALDX', 'FRMI', 'ONDS', 'MIST', 'AXTI', 'CHOW', 'VERO', 'YCBD', 'GUTS', 'DVLT', 'TLRY', 'RR', 'GRWG']
2025-12-16 11:15:00 SUBSCRIPTION LIMIT: Your request exceeds the number of symbols you can subscribe to for your plan. Your number of max allowed subscription is 5. | tracking 13 symbols: ['ALDX', 'FRMI', 'ONDS', 'MIST', 'AXTI', 'CHOW', 'VERO', 'YCBD', 'GUTS', 'DVLT', 'TLRY', 'RR', 'GRWG']
2025-12-16 11:15:26 SUBSCRIPTION LIMIT: Your request exceeds the number of symbols you can subscribe to for your plan. Your number of max allowed subscription is 5. | tracking 13 symbols: ['ALDX', 'FRMI', 'ONDS', 'MIST', 'AXTI', 'CHOW', 'VERO', 'YCBD', 'GUTS', 'DVLT', 'TLRY', 'RR', 'GRWG']
2025-12-16 11:15:51 SUBSCRIPTION LIMIT: Your request exceeds the number of symbols you can subscribe to for your plan. Your number of max allowed subscription is 5. | tracking 13 symbols: ['ALDX', 'FRMI', 'ONDS', 'MIST', 'AXTI', 'CHOW', 'VERO', 'YCBD', 'GUTS', 'DVLT', 'TLRY', 'RR', 'GRWG']
2025-12-16 11:16:16 SUBSCRIPTION LIMIT: Your request exceeds the number of symbols you can subscribe to for your plan. Your number of max allowed subscription is 5. | tracking 13 symbols: ['ALDX', 'FRMI', 'ONDS', 'MIST', 'AXTI', 'CHOW', 'VERO', 'YCBD', 'GUTS', 'DVLT', 'TLRY', 'RR', 'GRWG']
2025-12-16 11:16:41 SUBSCRIPTION LIMIT: Your request exceeds the number of symbols you can subscribe to for your plan. Your number of max allowed subscription is 5. | tracking 13 symbols: ['ALDX', 'FRMI', 'ONDS', 'MIST', 'AXTI', 'CHOW', 'VERO', 'YCBD', 'GUTS', 'DVLT', 'TLRY', 'RR', 'GRWG']
2025-12-16 11:17:06 SUBSCRIPTION LIMIT: Your request exceeds the number of symbols you can subscribe to for your plan. Your number of max allowed subscription is 5. | tracking 13 symbols: ['ALDX', 'FRMI', 'ONDS', 'MIST', 'AXTI', 'CHOW', 'VERO', 'YCBD', 'GUTS', 'DVLT', 'TLRY', 'RR', 'GRWG']
2025-12-16 11:17:32 SUBSCRIPTION LIMIT: Your request exceeds the number of symbols you can subscribe to for your plan. Your number of max allowed subscription is 5. | tracking 13 symbols: ['ALDX', 'FRMI', 'ONDS', 'MIST', 'AXTI', 'CHOW', 'VERO', 'YCBD', 'GUTS', 'DVLT', 'TLRY', 'RR', 'GRWG']
2025-12-16 11:17:57 SUBSCRIPTION LIMIT: Your request exceeds the number of symbols you can subscribe to for your plan. Your number of max allowed subscription is 5. | tracking 13 symbols: ['ALDX', 'FRMI', 'ONDS', 'MIST', 'AXTI', 'CHOW', 'VERO', 'YCBD', 'GUTS', 'DVLT', 'TLRY', 'RR', 'GRWG']
2025-12-16 11:18:22 SUBSCRIPTION LIMIT: Your request exceeds the number of symbols you can subscribe to for your plan. Your number of max allowed subscription is 5. | tracking 13 symbols: ['ALDX', 'FRMI', 'ONDS', 'MIST', 'AXTI', 'CHOW', 'VERO', 'YCBD', 'GUTS', 'DVLT', 'TLRY', 'RR', 'GRWG']
2025-12-16 11:18:48 SUBSCRIPTION LIMIT: Your request exceeds the number of symbols you can subscribe to for your plan. Your number of max allowed subscription is 5. | tracking 13 symbols: ['ALDX', 'FRMI', 'ONDS', 'MIST', 'AXTI', 'CHOW', 'VERO', 'YCBD', 'GUTS', 'DVLT', 'TLRY', 'RR', 'GRWG']
2025-12-16 11:19:13 SUBSCRIPTION LIMIT: Your request exceeds the number of symbols you can subscribe to for your plan. Your number of max allowed subscription is 5. | tracking 13 symbols: ['ALDX', 'FRMI', 'ONDS', 'MIST', 'AXTI', 'CHOW', 'VERO', 'YCBD', 'GUTS', 'DVLT', 'TLRY', 'RR', 'GRWG']
2025-12-16 11:19:37 SUBSCRIPTION LIMIT: Your request exceeds the number of symbols you can subscribe to for your plan. Your number of max allowed subscription is 5. | tracking 13 symbols: ['ALDX', 'FRMI', 'ONDS', 'MIST', 'AXTI', 'CHOW', 'VERO', 'YCBD', 'GUTS', 'DVLT', 'TLRY', 'RR', 'GRWG']
2025-12-16 11:20:03 SUBSCRIPTION LIMIT: Your request exceeds the number of symbols you can subscribe to for your plan. Your number of max allowed subscription is 5. | tracking 13 symbols: ['ALDX', 'FRMI', 'ONDS', 'MIST', 'AXTI', 'CHOW', 'VERO', 'YCBD', 'GUTS', 'DVLT', 'TLRY', 'RR', 'GRWG']
2025-12-16 11:20:28 SUBSCRIPTION LIMIT: Your request exceeds the number of symbols you can subscribe to for your plan. Your number of max allowed subscription is 5. | tracking 13 symbols: ['ALDX', 'FRMI', 'ONDS', 'MIST', 'AXTI', 'CHOW', 'VERO', 'YCBD', 'GUTS', 'DVLT', 'TLRY', 'RR', 'GRWG']
2025-12-16 11:20:54 SUBSCRIPTION LIMIT: Your request exceeds the number of symbols you can subscribe to for your plan. Your number of max allowed subscription is 5. | tracking 13 symbols: ['ALDX', 'FRMI', 'ONDS', 'MIST', 'AXTI', 'CHOW', 'VERO', 'YCBD', 'GUTS', 'DVLT', 'TLRY', 'RR', 'GRWG']
2025-12-16 11:21:19 SUBSCRIPTION LIMIT: Your request exceeds the number of symbols you can subscribe to for your plan. Your number of max allowed subscription is 5. | tracking 13 symbols: ['ALDX', 'FRMI', 'ONDS', 'MIST', 'AXTI', 'CHOW', 'VERO', 'YCBD', 'GUTS', 'DVLT', 'TLRY', 'RR', 'GRWG']
2025-12-16 11:21:45 SUBSCRIPTION LIMIT: Your request exceeds the number of symbols you can subscribe to for your plan. Your number of max allowed subscription is 5. | tracking 13 symbols: ['ALDX', 'FRMI', 'ONDS', 'MIST', 'AXTI', 'CHOW', 'VERO', 'YCBD', 'GUTS', 'DVLT', 'TLRY', 'RR', 'GRWG']
2025-12-16 11:22:10 SUBSCRIPTION LIMIT: Your request exceeds the number of symbols you can subscribe to for your plan. Your number of max allowed subscription is 5. | tracking 13 symbols: ['ALDX', 'FRMI', 'ONDS', 'MIST', 'AXTI', 'CHOW', 'VERO', 'YCBD', 'GUTS', 'DVLT', 'TLRY', 'RR', 'GRWG']
2025-12-16 11:22:35 SUBSCRIPTION LIMIT: Your request exceeds the number of symbols you can subscribe to for your plan. Your number of max allowed subscription is 5. | tracking 13 symbols: ['ALDX', 'FRMI', 'ONDS', 'MIST', 'AXTI', 'CHOW', 'VERO', 'YCBD', 'GUTS', 'DVLT', 'TLRY', 'RR', 'GRWG']
2025-12-16 11:23:01 SUBSCRIPTION LIMIT: Your request exceeds the number of symbols you can subscribe to for your plan. Your number of max allowed subscription is 5. | tracking 13 symbols: ['ALDX', 'FRMI', 'ONDS', 'MIST', 'AXTI', 'CHOW', 'VERO', 'YCBD', 'GUTS', 'DVLT', 'TLRY', 'RR', 'GRWG']
2025-12-16 11:23:26 SUBSCRIPTION LIMIT: Your request exceeds the number of symbols you can subscribe to for your plan. Your number of max allowed subscription is 5. | tracking 13 symbols: ['ALDX', 'FRMI', 'ONDS', 'MIST', 'AXTI', 'CHOW', 'VERO', 'YCBD', 'GUTS', 'DVLT', 'TLRY', 'RR', 'GRWG']
2025-12-16 11:23:51 SUBSCRIPTION LIMIT: Your request exceeds the number of symbols you can subscribe to for your plan. Your number of max allowed subscription is 5. | tracking 13 symbols: ['ALDX', 'FRMI', 'ONDS', 'MIST', 'AXTI', 'CHOW', 'VERO', 'YCBD', 'GUTS', 'DVLT', 'TLRY', 'RR', 'GRWG']
2025-12-16 11:24:17 SUBSCRIPTION LIMIT: Your request exceeds the number of symbols you can subscribe to for your plan. Your number of max allowed subscription is 5. | tracking 13 symbols: ['ALDX', 'FRMI', 'ONDS', 'MIST', 'AXTI', 'CHOW', 'VERO', 'YCBD', 'GUTS', 'DVLT', 'TLRY', 'RR', 'GRWG']
2025-12-16 11:24:42 SUBSCRIPTION LIMIT: Your request exceeds the number of symbols you can subscribe to for your plan. Your number of max allowed subscription is 5. | tracking 13 symbols: ['ALDX', 'FRMI', 'ONDS', 'MIST', 'AXTI', 'CHOW', 'VERO', 'YCBD', 'GUTS', 'DVLT', 'TLRY', 'RR', 'GRWG']
2025-12-16 11:25:07 SUBSCRIPTION LIMIT: Your request exceeds the number of symbols you can subscribe to for your plan. Your number of max allowed subscription is 5. | tracking 13 symbols: ['ALDX', 'FRMI', 'ONDS', 'MIST', 'AXTI', 'CHOW', 'VERO', 'YCBD', 'GUTS', 'DVLT', 'TLRY', 'RR', 'GRWG']
2025-12-16 11:25:33 SUBSCRIPTION LIMIT: Your request exceeds the number of symbols you can subscribe to for your plan. Your number of max allowed subscription is 5. | tracking 13 symbols: ['ALDX', 'FRMI', 'ONDS', 'MIST', 'AXTI', 'CHOW', 'VERO', 'YCBD', 'GUTS', 'DVLT', 'TLRY', 'RR', 'GRWG']
2025-12-16 11:25:58 SUBSCRIPTION LIMIT: Your request exceeds the number of symbols you can subscribe to for your plan. Your number of max allowed subscription is 5. | tracking 13 symbols: ['ALDX', 'FRMI', 'ONDS', 'MIST', 'AXTI', 'CHOW', 'VERO', 'YCBD', 'GUTS', 'DVLT', 'TLRY', 'RR', 'GRWG']
2025-12-16 11:26:24 SUBSCRIPTION LIMIT: Your request exceeds the number of symbols you can subscribe to for your plan. Your number of max allowed subscription is 5. | tracking 13 symbols: ['ALDX', 'FRMI', 'ONDS', 'MIST', 'AXTI', 'CHOW', 'VERO', 'YCBD', 'GUTS', 'DVLT', 'TLRY', 'RR', 'GRWG']
2025-12-16 11:26:50 SUBSCRIPTION LIMIT: Your request exceeds the number of symbols you can subscribe to for your plan. Your number of max allowed subscription is 5. | tracking 13 symbols: ['ALDX', 'FRMI', 'ONDS', 'MIST', 'AXTI', 'CHOW', 'VERO', 'YCBD', 'GUTS', 'DVLT', 'TLRY', 'RR', 'GRWG']
2025-12-16 11:27:15 SUBSCRIPTION LIMIT: Your request exceeds the number of symbols you can subscribe to for your plan. Your number of max allowed subscription is 5. | tracking 13 symbols: ['ALDX', 'FRMI', 'ONDS', 'MIST', 'AXTI', 'CHOW', 'VERO', 'YCBD', 'GUTS', 'DVLT', 'TLRY', 'RR', 'GRWG']
2025-12-16 11:27:41 SUBSCRIPTION LIMIT: Your request exceeds the number of symbols you can subscribe to for your plan. Your number of max allowed subscription is 5. | tracking 13 symbols: ['ALDX', 'FRMI', 'ONDS', 'MIST', 'AXTI', 'CHOW', 'VERO', 'YCBD', 'GUTS', 'DVLT', 'TLRY', 'RR', 'GRWG']
2025-12-16 11:28:06 SUBSCRIPTION LIMIT: Your request exceeds the number of symbols you can subscribe to for your plan. Your number of max allowed subscription is 5. | tracking 13 symbols: ['ALDX', 'FRMI', 'ONDS', 'MIST', 'AXTI', 'CHOW', 'VERO', 'YCBD', 'GUTS', 'DVLT', 'TLRY', 'RR', 'GRWG']
2025-12-16 11:28:31 SUBSCRIPTION LIMIT: Your request exceeds the number of symbols you can subscribe to for your plan. Your number of max allowed subscription is 5. | tracking 13 symbols: ['ALDX', 'FRMI', 'ONDS', 'MIST', 'AXTI', 'CHOW', 'VERO', 'YCBD', 'GUTS', 'DVLT', 'TLRY', 'RR', 'GRWG']
2025-12-16 11:28:57 SUBSCRIPTION LIMIT: Your request exceeds the number of symbols you can subscribe to for your plan. Your number of max allowed subscription is 5. | tracking 13 symbols: ['ALDX', 'FRMI', 'ONDS', 'MIST', 'AXTI', 'CHOW', 'VERO', 'YCBD', 'GUTS', 'DVLT', 'TLRY', 'RR', 'GRWG']
2025-12-16 11:29:22 SUBSCRIPTION LIMIT: Your request exceeds the number of symbols you can subscribe to for your plan. Your number of max allowed subscription is 5. | tracking 13 symbols: ['ALDX', 'FRMI', 'ONDS', 'MIST', 'AXTI', 'CHOW', 'VERO', 'YCBD', 'GUTS', 'DVLT', 'TLRY', 'RR', 'GRWG']
2025-12-16 11:29:47 SUBSCRIPTION LIMIT: Your request exceeds the number of symbols you can subscribe to for your plan. Your number of max allowed subscription is 5. | tracking 13 symbols: ['ALDX', 'FRMI', 'ONDS', 'MIST', 'AXTI', 'CHOW', 'VERO', 'YCBD', 'GUTS', 'DVLT', 'TLRY', 'RR', 'GRWG']
2025-12-16 11:30:12 SUBSCRIPTION LIMIT: Your request exceeds the number of symbols you can subscribe to for your plan. Your number of max allowed subscription is 5. | tracking 13 symbols: ['ALDX', 'FRMI', 'ONDS', 'MIST', 'AXTI', 'CHOW', 'VERO', 'YCBD', 'GUTS', 'DVLT', 'TLRY', 'RR', 'GRWG']
2025-12-16 11:30:37 SUBSCRIPTION LIMIT: Your request exceeds the number of symbols you can subscribe to for your plan. Your number of max allowed subscription is 5. | tracking 13 symbols: ['ALDX', 'FRMI', 'ONDS', 'MIST', 'AXTI', 'CHOW', 'VERO', 'YCBD', 'GUTS', 'DVLT', 'TLRY', 'RR', 'GRWG']
2025-12-16 11:31:03 SUBSCRIPTION LIMIT: Your request exceeds the number of symbols you can subscribe to for your plan. Your number of max allowed subscription is 5. | tracking 13 symbols: ['ALDX', 'FRMI', 'ONDS', 'MIST', 'AXTI', 'CHOW', 'VERO', 'YCBD', 'GUTS', 'DVLT', 'TLRY', 'RR', 'GRWG']
2025-12-16 11:31:28 SUBSCRIPTION LIMIT: Your request exceeds the number of symbols you can subscribe to for your plan. Your number of max allowed subscription is 5. | tracking 13 symbols: ['ALDX', 'FRMI', 'ONDS', 'MIST', 'AXTI', 'CHOW', 'VERO', 'YCBD', 'GUTS', 'DVLT', 'TLRY', 'RR', 'GRWG']
2025-12-16 11:31:53 SUBSCRIPTION LIMIT: Your request exceeds the number of symbols you can subscribe to for your plan. Your number of max allowed subscription is 5. | tracking 13 symbols: ['ALDX', 'FRMI', 'ONDS', 'MIST', 'AXTI', 'CHOW', 'VERO', 'YCBD', 'GUTS', 'DVLT', 'TLRY', 'RR', 'GRWG']
2025-12-16 11:32:18 SUBSCRIPTION LIMIT: Your request exceeds the number of symbols you can subscribe to for your plan. Your number of max allowed subscription is 5. | tracking 13 symbols: ['ALDX', 'FRMI', 'ONDS', 'MIST', 'AXTI', 'CHOW', 'VERO', 'YCBD', 'GUTS', 'DVLT', 'TLRY', 'RR', 'GRWG']
2025-12-16 11:32:39 SUBSCRIPTION LIMIT: Your request exceeds the number of symbols you can subscribe to for your plan. Your number of max allowed subscription is 5. | tracking 13 symbols: ['ALDX', 'FRMI', 'ONDS', 'MIST', 'AXTI', 'CHOW', 'VERO', 'YCBD', 'GUTS', 'DVLT', 'TLRY', 'RR', 'GRWG']
2025-12-16 11:33:04 SUBSCRIPTION LIMIT: Your request exceeds the number of symbols you can subscribe to for your plan. Your number of max allowed subscription is 5. | tracking 13 symbols: ['ALDX', 'FRMI', 'ONDS', 'MIST', 'AXTI', 'CHOW', 'VERO', 'YCBD', 'GUTS', 'DVLT', 'TLRY', 'RR', 'GRWG']
2025-12-16 11:33:29 SUBSCRIPTION LIMIT: Your request exceeds the number of symbols you can subscribe to for your plan. Your number of max allowed subscription is 5. | tracking 13 symbols: ['ALDX', 'FRMI', 'ONDS', 'MIST', 'AXTI', 'CHOW', 'VERO', 'YCBD', 'GUTS', 'DVLT', 'TLRY', 'RR', 'GRWG']
2025-12-16 11:33:54 SUBSCRIPTION LIMIT: Your request exceeds the number of symbols you can subscribe to for your plan. Your number of max allowed subscription is 5. | tracking 13 symbols: ['ALDX', 'FRMI', 'ONDS', 'MIST', 'AXTI', 'CHOW', 'VERO', 'YCBD', 'GUTS', 'DVLT', 'TLRY', 'RR', 'GRWG']
2025-12-16 11:34:03 SUBSCRIPTION LIMIT: Your request exceeds the number of symbols you can subscribe to for your plan. Your number of max allowed subscription is 5. | tracking 13 symbols: ['ALDX', 'FRMI', 'ONDS', 'MIST', 'AXTI', 'CHOW', 'VERO', 'YCBD', 'GUTS', 'DVLT', 'TLRY', 'RR', 'GRWG']
2025-12-16 11:34:30 SUBSCRIPTION LIMIT: Your request exceeds the number of symbols you can subscribe to for your plan. Your number of max allowed subscription is 5. | tracking 13 symbols: ['ALDX', 'FRMI', 'ONDS', 'MIST', 'AXTI', 'CHOW', 'VERO', 'YCBD', 'GUTS', 'DVLT', 'TLRY', 'RR', 'GRWG']
2025-12-16 11:34:47 SUBSCRIPTION LIMIT: Your request exceeds the number of symbols you can subscribe to for your plan. Your number of max allowed subscription is 5. | tracking 14 symbols: ['ALDX', 'FRMI', 'MIST', 'CHOW', 'GUTS', 'VOR', 'DVLT', 'TLRY', 'GRWG', 'ONDS', 'AXTI', 'VERO', 'YCBD', 'RR']
2025-12-16 11:34:55 SUBSCRIPTION LIMIT: Your request exceeds the number of symbols you can subscribe to for your plan. Your number of max allowed subscription is 5. | tracking 14 symbols: ['ALDX', 'FRMI', 'MIST', 'CHOW', 'GUTS', 'VOR', 'DVLT', 'TLRY', 'GRWG', 'ONDS', 'AXTI', 'VERO', 'YCBD', 'RR']
2025-12-16 11:35:20 SUBSCRIPTION LIMIT: Your request exceeds the number of symbols you can subscribe to for your plan. Your number of max allowed subscription is 5. | tracking 14 symbols: ['ALDX', 'FRMI', 'MIST', 'CHOW', 'GUTS', 'VOR', 'DVLT', 'TLRY', 'GRWG', 'ONDS', 'AXTI', 'VERO', 'YCBD', 'RR']
2025-12-16 11:35:46 SUBSCRIPTION LIMIT: Your request exceeds the number of symbols you can subscribe to for your plan. Your number of max allowed subscription is 5. | tracking 14 symbols: ['ALDX', 'FRMI', 'MIST', 'CHOW', 'GUTS', 'VOR', 'DVLT', 'TLRY', 'GRWG', 'ONDS', 'AXTI', 'VERO', 'YCBD', 'RR']
2025-12-16 11:36:12 SUBSCRIPTION LIMIT: Your request exceeds the number of symbols you can subscribe to for your plan. Your number of max allowed subscription is 5. | tracking 14 symbols: ['ALDX', 'FRMI', 'MIST', 'CHOW', 'GUTS', 'VOR', 'DVLT', 'TLRY', 'GRWG', 'ONDS', 'AXTI', 'VERO', 'YCBD', 'RR']
2025-12-16 11:36:37 SUBSCRIPTION LIMIT: Your request exceeds the number of symbols you can subscribe to for your plan. Your number of max allowed subscription is 5. | tracking 14 symbols: ['ALDX', 'FRMI', 'MIST', 'CHOW', 'GUTS', 'VOR', 'DVLT', 'TLRY', 'GRWG', 'ONDS', 'AXTI', 'VERO', 'YCBD', 'RR']
2025-12-16 11:37:03 SUBSCRIPTION LIMIT: Your request exceeds the number of symbols you can subscribe to for your plan. Your number of max allowed subscription is 5. | tracking 14 symbols: ['ALDX', 'FRMI', 'MIST', 'CHOW', 'GUTS', 'VOR', 'DVLT', 'TLRY', 'GRWG', 'ONDS', 'AXTI', 'VERO', 'YCBD', 'RR']
2025-12-16 11:37:28 SUBSCRIPTION LIMIT: Your request exceeds the number of symbols you can subscribe to for your plan. Your number of max allowed subscription is 5. | tracking 14 symbols: ['ALDX', 'FRMI', 'MIST', 'CHOW', 'GUTS', 'VOR', 'DVLT', 'TLRY', 'GRWG', 'ONDS', 'AXTI', 'VERO', 'YCBD', 'RR']
2025-12-16 11:37:53 SUBSCRIPTION LIMIT: Your request exceeds the number of symbols you can subscribe to for your plan. Your number of max allowed subscription is 5. | tracking 14 symbols: ['ALDX', 'FRMI', 'MIST', 'CHOW', 'GUTS', 'VOR', 'DVLT', 'TLRY', 'GRWG', 'ONDS', 'AXTI', 'VERO', 'YCBD', 'RR']
2025-12-16 11:38:18 SUBSCRIPTION LIMIT: Your request exceeds the number of symbols you can subscribe to for your plan. Your number of max allowed subscription is 5. | tracking 14 symbols: ['ALDX', 'FRMI', 'MIST', 'CHOW', 'GUTS', 'VOR', 'DVLT', 'TLRY', 'GRWG', 'ONDS', 'AXTI', 'VERO', 'YCBD', 'RR']
2025-12-16 11:38:44 SUBSCRIPTION LIMIT: Your request exceeds the number of symbols you can subscribe to for your plan. Your number of max allowed subscription is 5. | tracking 14 symbols: ['ALDX', 'FRMI', 'MIST', 'CHOW', 'GUTS', 'VOR', 'DVLT', 'TLRY', 'GRWG', 'ONDS', 'AXTI', 'VERO', 'YCBD', 'RR']
2025-12-16 11:39:09 SUBSCRIPTION LIMIT: Your request exceeds the number of symbols you can subscribe to for your plan. Your number of max allowed subscription is 5. | tracking 14 symbols: ['ALDX', 'FRMI', 'MIST', 'CHOW', 'GUTS', 'VOR', 'DVLT', 'TLRY', 'GRWG', 'ONDS', 'AXTI', 'VERO', 'YCBD', 'RR']
2025-12-16 11:39:34 SUBSCRIPTION LIMIT: Your request exceeds the number of symbols you can subscribe to for your plan. Your number of max allowed subscription is 5. | tracking 14 symbols: ['ALDX', 'FRMI', 'MIST', 'CHOW', 'GUTS', 'VOR', 'DVLT', 'TLRY', 'GRWG', 'ONDS', 'AXTI', 'VERO', 'YCBD', 'RR']
2025-12-16 11:39:59 SUBSCRIPTION LIMIT: Your request exceeds the number of symbols you can subscribe to for your plan. Your number of max allowed subscription is 5. | tracking 14 symbols: ['ALDX', 'FRMI', 'MIST', 'CHOW', 'GUTS', 'VOR', 'DVLT', 'TLRY', 'GRWG', 'ONDS', 'AXTI', 'VERO', 'YCBD', 'RR']
2025-12-16 11:40:25 SUBSCRIPTION LIMIT: Your request exceeds the number of symbols you can subscribe to for your plan. Your number of max allowed subscription is 5. | tracking 14 symbols: ['ALDX', 'FRMI', 'MIST', 'CHOW', 'GUTS', 'VOR', 'DVLT', 'TLRY', 'GRWG', 'ONDS', 'AXTI', 'VERO', 'YCBD', 'RR']
2025-12-16 11:40:50 SUBSCRIPTION LIMIT: Your request exceeds the number of symbols you can subscribe to for your plan. Your number of max allowed subscription is 5. | tracking 14 symbols: ['ALDX', 'FRMI', 'MIST', 'CHOW', 'GUTS', 'VOR', 'DVLT', 'TLRY', 'GRWG', 'ONDS', 'AXTI', 'VERO', 'YCBD', 'RR']
2025-12-16 11:41:15 SUBSCRIPTION LIMIT: Your request exceeds the number of symbols you can subscribe to for your plan. Your number of max allowed subscription is 5. | tracking 14 symbols: ['ALDX', 'FRMI', 'MIST', 'CHOW', 'GUTS', 'VOR', 'DVLT', 'TLRY', 'GRWG', 'ONDS', 'AXTI', 'VERO', 'YCBD', 'RR']
2025-12-16 11:41:38 SUBSCRIPTION LIMIT: Your request exceeds the number of symbols you can subscribe to for your plan. Your number of max allowed subscription is 5. | tracking 14 symbols: ['ALDX', 'FRMI', 'MIST', 'CHOW', 'GUTS', 'VOR', 'DVLT', 'TLRY', 'GRWG', 'ONDS', 'AXTI', 'VERO', 'YCBD', 'RR']
2025-12-16 11:42:06 SUBSCRIPTION LIMIT: Your request exceeds the number of symbols you can subscribe to for your plan. Your number of max allowed subscription is 5. | tracking 14 symbols: ['ALDX', 'FRMI', 'MIST', 'CHOW', 'GUTS', 'VOR', 'DVLT', 'TLRY', 'GRWG', 'ONDS', 'AXTI', 'VERO', 'YCBD', 'RR']
2025-12-16 11:42:31 SUBSCRIPTION LIMIT: Your request exceeds the number of symbols you can subscribe to for your plan. Your number of max allowed subscription is 5. | tracking 14 symbols: ['ALDX', 'FRMI', 'MIST', 'CHOW', 'GUTS', 'VOR', 'DVLT', 'TLRY', 'GRWG', 'ONDS', 'AXTI', 'VERO', 'YCBD', 'RR']
2025-12-16 11:42:57 SUBSCRIPTION LIMIT: Your request exceeds the number of symbols you can subscribe to for your plan. Your number of max allowed subscription is 5. | tracking 14 symbols: ['ALDX', 'FRMI', 'MIST', 'CHOW', 'GUTS', 'VOR', 'DVLT', 'TLRY', 'GRWG', 'ONDS', 'AXTI', 'VERO', 'YCBD', 'RR']
2025-12-16 11:43:21 SUBSCRIPTION LIMIT: Your request exceeds the number of symbols you can subscribe to for your plan. Your number of max allowed subscription is 5. | tracking 14 symbols: ['ALDX', 'FRMI', 'MIST', 'CHOW', 'GUTS', 'VOR', 'DVLT', 'TLRY', 'GRWG', 'ONDS', 'AXTI', 'VERO', 'YCBD', 'RR']
2025-12-16 11:43:45 SUBSCRIPTION LIMIT: Your request exceeds the number of symbols you can subscribe to for your plan. Your number of max allowed subscription is 5. | tracking 14 symbols: ['ALDX', 'FRMI', 'MIST', 'CHOW', 'GUTS', 'VOR', 'DVLT', 'TLRY', 'GRWG', 'ONDS', 'AXTI', 'VERO', 'YCBD', 'RR']
2025-12-16 11:44:13 SUBSCRIPTION LIMIT: Your request exceeds the number of symbols you can subscribe to for your plan. Your number of max allowed subscription is 5. | tracking 14 symbols: ['ALDX', 'FRMI', 'MIST', 'CHOW', 'GUTS', 'VOR', 'DVLT', 'TLRY', 'GRWG', 'ONDS', 'AXTI', 'VERO', 'YCBD', 'RR']
2025-12-16 11:44:38 SUBSCRIPTION LIMIT: Your request exceeds the number of symbols you can subscribe to for your plan. Your number of max allowed subscription is 5. | tracking 14 symbols: ['ALDX', 'FRMI', 'MIST', 'CHOW', 'GUTS', 'VOR', 'DVLT', 'TLRY', 'GRWG', 'ONDS', 'AXTI', 'VERO', 'YCBD', 'RR']
2025-12-16 11:45:03 SUBSCRIPTION LIMIT: Your request exceeds the number of symbols you can subscribe to for your plan. Your number of max allowed subscription is 5. | tracking 14 symbols: ['ALDX', 'FRMI', 'MIST', 'CHOW', 'GUTS', 'VOR', 'DVLT', 'TLRY', 'GRWG', 'ONDS', 'AXTI', 'VERO', 'YCBD', 'RR']
2025-12-16 11:45:28 SUBSCRIPTION LIMIT: Your request exceeds the number of symbols you can subscribe to for your plan. Your number of max allowed subscription is 5. | tracking 14 symbols: ['ALDX', 'FRMI', 'MIST', 'CHOW', 'GUTS', 'VOR', 'DVLT', 'TLRY', 'GRWG', 'ONDS', 'AXTI', 'VERO', 'YCBD', 'RR']
