16:25:17 [ORGO] QUOTE: $5.5400 vol=100 | filter: $1.00-$20.00
16:25:17 [ORGO] CANDLE BUILDING: RED | Vol: 100 / 100,000 (0%) | O=5.54 C=5.54
16:25:17 [ORGO] QUOTE: $5.5400 vol=100 | filter: $1.00-$20.00
16:25:17 [ORGO] CANDLE BUILDING: RED | Vol: 100 / 100,000 (0%) | O=5.54 C=5.54
16:25:17 [ORGO] QUOTE: $5.5400 vol=100 | filter: $0.00-$100.00
16:25:21 [ORGO] QUOTE: $5.5400 vol=100 | filter: $1.00-$20.00
16:25:21 [ORGO] CANDLE BUILDING: RED | Vol: 200 / 100,000 (0%) | O=5.54 C=5.54
16:25:21 [ORGO] QUOTE: $5.5400 vol=100 | filter: $1.00-$20.00
16:25:21 [ORGO] CANDLE BUILDING: RED | Vol: 200 / 100,000 (0%) | O=5.54 C=5.54
16:25:21 [ORGO] QUOTE: $5.7400 vol=169 | filter: $1.00-$20.00
16:25:21 [ORGO] CANDLE BUILDING: GREEN | Vol: 369 / 100,000 (0%) | O=5.54 C=5.74
16:25:21 [ORGO] QUOTE: $5.7400 vol=169 | filter: $1.00-$20.00
16:25:21 [ORGO] CANDLE BUILDING: GREEN | Vol: 369 / 100,000 (0%) | O=5.54 C=5.74
16:25:30 [ORGO] QUOTE: $5.7400 vol=169 | filter: $1.00-$20.00
16:25:30 [ORGO] CANDLE BUILDING: GREEN | Vol: 538 / 100,000 (1%) | O=5.54 C=5.74
16:25:30 [ORGO] QUOTE: $5.7400 vol=169 | filter: $1.00-$20.00
16:25:30 [ORGO] CANDLE BUILDING: GREEN | Vol: 538 / 100,000 (1%) | O=5.54 C=5.74
16:25:30 [ORGO] QUOTE: $5.5500 vol=100 | filter: $1.00-$20.00
16:25:30 [ORGO] CANDLE BUILDING: GREEN | Vol: 638 / 100,000 (1%) | O=5.54 C=5.55
16:25:30 [ORGO] QUOTE: $5.5500 vol=100 | filter: $1.00-$20.00
16:25:30 [ORGO] CANDLE BUILDING: GREEN | Vol: 638 / 100,000 (1%) | O=5.54 C=5.55
16:25:31 [ORGO] QUOTE: $5.5400 vol=200 | filter: $1.00-$20.00
16:25:31 [ORGO] CANDLE BUILDING: RED | Vol: 838 / 100,000 (1%) | O=5.54 C=5.54
16:25:31 [ORGO] QUOTE: $5.5400 vol=200 | filter: $1.00-$20.00
16:25:31 [ORGO] CANDLE BUILDING: RED | Vol: 838 / 100,000 (1%) | O=5.54 C=5.54
16:25:39 [ORGO] QUOTE: $5.5400 vol=200 | filter: $1.00-$20.00
16:25:39 [ORGO] CANDLE BUILDING: RED | Vol: 1,038 / 100,000 (1%) | O=5.54 C=5.54
16:25:39 [ORGO] QUOTE: $5.5400 vol=200 | filter: $1.00-$20.00
16:25:39 [ORGO] CANDLE BUILDING: RED | Vol: 1,038 / 100,000 (1%) | O=5.54 C=5.54
16:25:39 [ORGO] QUOTE: $5.4800 vol=600 | filter: $1.00-$20.00
16:25:39 [ORGO] CANDLE BUILDING: RED | Vol: 1,638 / 100,000 (2%) | O=5.54 C=5.48
16:25:39 [ORGO] QUOTE: $5.4800 vol=600 | filter: $1.00-$20.00
16:25:39 [ORGO] CANDLE BUILDING: RED | Vol: 1,638 / 100,000 (2%) | O=5.54 C=5.48
16:25:44 [ORGO] QUOTE: $5.4800 vol=600 | filter: $1.00-$20.00
16:25:44 [ORGO] CANDLE BUILDING: RED | Vol: 2,238 / 100,000 (2%) | O=5.54 C=5.48
16:25:44 [ORGO] QUOTE: $5.4800 vol=600 | filter: $1.00-$20.00
16:25:44 [ORGO] CANDLE BUILDING: RED | Vol: 2,238 / 100,000 (2%) | O=5.54 C=5.48
16:25:44 [ORGO] QUOTE: $5.6000 vol=100 | filter: $1.00-$20.00
16:25:44 [ORGO] CANDLE BUILDING: GREEN | Vol: 2,338 / 100,000 (2%) | O=5.54 C=5.60
16:25:44 [ORGO] QUOTE: $5.6000 vol=100 | filter: $1.00-$20.00
16:25:44 [ORGO] CANDLE BUILDING: GREEN | Vol: 2,338 / 100,000 (2%) | O=5.54 C=5.60
16:25:45 [ORGO] QUOTE: $5.6000 vol=100 | filter: $1.00-$20.00
16:25:45 [ORGO] CANDLE BUILDING: GREEN | Vol: 2,438 / 100,000 (2%) | O=5.54 C=5.60
16:25:45 [ORGO] QUOTE: $5.6000 vol=100 | filter: $1.00-$20.00
16:25:45 [ORGO] CANDLE BUILDING: GREEN | Vol: 2,438 / 100,000 (2%) | O=5.54 C=5.60
16:25:45 [ORGO] QUOTE: $5.6000 vol=100 | filter: $1.00-$20.00
16:25:45 [ORGO] CANDLE BUILDING: GREEN | Vol: 2,538 / 100,000 (3%) | O=5.54 C=5.60
16:25:45 [ORGO] QUOTE: $5.6000 vol=100 | filter: $1.00-$20.00
16:25:45 [ORGO] CANDLE BUILDING: GREEN | Vol: 2,538 / 100,000 (3%) | O=5.54 C=5.60
16:25:47 [ORGO] QUOTE: $5.6000 vol=100 | filter: $1.00-$20.00
16:25:47 [ORGO] CANDLE BUILDING: GREEN | Vol: 2,638 / 100,000 (3%) | O=5.54 C=5.60
16:25:47 [ORGO] QUOTE: $5.6000 vol=100 | filter: $1.00-$20.00
16:25:47 [ORGO] CANDLE BUILDING: GREEN | Vol: 2,638 / 100,000 (3%) | O=5.54 C=5.60
16:25:47 [ORGO] QUOTE: $5.6000 vol=200 | filter: $1.00-$20.00
16:25:47 [ORGO] CANDLE BUILDING: GREEN | Vol: 2,838 / 100,000 (3%) | O=5.54 C=5.60
16:25:47 [ORGO] QUOTE: $5.6000 vol=200 | filter: $1.00-$20.00
16:25:47 [ORGO] CANDLE BUILDING: GREEN | Vol: 2,838 / 100,000 (3%) | O=5.54 C=5.60
16:25:48 [ORGO] QUOTE: $5.6000 vol=300 | filter: $1.00-$20.00
16:25:48 [ORGO] CANDLE BUILDING: GREEN | Vol: 3,138 / 100,000 (3%) | O=5.54 C=5.60
16:25:48 [ORGO] QUOTE: $5.6000 vol=300 | filter: $1.00-$20.00
16:25:48 [ORGO] CANDLE BUILDING: GREEN | Vol: 3,138 / 100,000 (3%) | O=5.54 C=5.60
16:25:50 [ORGO] QUOTE: $5.6000 vol=300 | filter: $1.00-$20.00
16:25:50 [ORGO] CANDLE BUILDING: GREEN | Vol: 3,438 / 100,000 (3%) | O=5.54 C=5.60
16:25:50 [ORGO] QUOTE: $5.6000 vol=300 | filter: $1.00-$20.00
16:25:50 [ORGO] CANDLE BUILDING: GREEN | Vol: 3,438 / 100,000 (3%) | O=5.54 C=5.60
16:25:50 [ORGO] QUOTE: $5.5900 vol=250 | filter: $1.00-$20.00
16:25:50 [ORGO] CANDLE BUILDING: GREEN | Vol: 3,688 / 100,000 (4%) | O=5.54 C=5.59
16:25:50 [ORGO] QUOTE: $5.5900 vol=250 | filter: $1.00-$20.00
16:25:50 [ORGO] CANDLE BUILDING: GREEN | Vol: 3,688 / 100,000 (4%) | O=5.54 C=5.59
16:25:51 [ORGO] QUOTE: $5.9400 vol=850 | filter: $1.00-$20.00
16:25:51 [ORGO] CANDLE BUILDING: GREEN | Vol: 4,538 / 100,000 (5%) | O=5.54 C=5.94
16:25:51 [ORGO] QUOTE: $5.9400 vol=850 | filter: $1.00-$20.00
16:25:51 [ORGO] CANDLE BUILDING: GREEN | Vol: 4,538 / 100,000 (5%) | O=5.54 C=5.94
16:25:51 [ORGO] QUOTE: $5.9400 vol=850 | filter: $1.00-$20.00
16:25:51 [ORGO] CANDLE BUILDING: GREEN | Vol: 5,388 / 100,000 (5%) | O=5.54 C=5.94
16:25:51 [ORGO] QUOTE: $5.9400 vol=850 | filter: $1.00-$20.00
16:25:51 [ORGO] CANDLE BUILDING: GREEN | Vol: 5,388 / 100,000 (5%) | O=5.54 C=5.94
16:25:51 [ORGO] QUOTE: $5.9400 vol=1,000 | filter: $1.00-$20.00
16:25:51 [ORGO] CANDLE BUILDING: GREEN | Vol: 6,388 / 100,000 (6%) | O=5.54 C=5.94
16:25:51 [ORGO] QUOTE: $5.9400 vol=1,000 | filter: $1.00-$20.00
16:25:51 [ORGO] CANDLE BUILDING: GREEN | Vol: 6,388 / 100,000 (6%) | O=5.54 C=5.94
16:25:53 [ORGO] QUOTE: $5.9401 vol=1,500 | filter: $1.00-$20.00
16:25:53 [ORGO] CANDLE BUILDING: GREEN | Vol: 7,888 / 100,000 (8%) | O=5.54 C=5.94
16:25:53 [ORGO] QUOTE: $5.9401 vol=1,500 | filter: $1.00-$20.00
16:25:53 [ORGO] CANDLE BUILDING: GREEN | Vol: 7,888 / 100,000 (8%) | O=5.54 C=5.94
16:25:53 [ORGO] QUOTE: $5.9401 vol=1,500 | filter: $1.00-$20.00
16:25:53 [ORGO] CANDLE BUILDING: GREEN | Vol: 9,388 / 100,000 (9%) | O=5.54 C=5.94
16:25:53 [ORGO] QUOTE: $5.9401 vol=1,500 | filter: $1.00-$20.00
16:25:53 [ORGO] CANDLE BUILDING: GREEN | Vol: 9,388 / 100,000 (9%) | O=5.54 C=5.94
16:25:53 [ORGO] QUOTE: $5.9785 vol=100 | filter: $1.00-$20.00
16:25:53 [ORGO] CANDLE BUILDING: GREEN | Vol: 9,488 / 100,000 (9%) | O=5.54 C=5.98
16:25:53 [ORGO] QUOTE: $5.9785 vol=100 | filter: $1.00-$20.00
16:25:53 [ORGO] CANDLE BUILDING: GREEN | Vol: 9,488 / 100,000 (9%) | O=5.54 C=5.98
16:25:53 [ORGO] QUOTE: $5.9785 vol=100 | filter: $1.00-$20.00
16:25:53 [ORGO] CANDLE BUILDING: GREEN | Vol: 9,588 / 100,000 (10%) | O=5.54 C=5.98
16:25:53 [ORGO] QUOTE: $5.9785 vol=100 | filter: $1.00-$20.00
16:25:53 [ORGO] CANDLE BUILDING: GREEN | Vol: 9,588 / 100,000 (10%) | O=5.54 C=5.98
16:25:53 [ORGO] QUOTE: $5.9800 vol=113 | filter: $1.00-$20.00
16:25:53 [ORGO] CANDLE BUILDING: GREEN | Vol: 9,701 / 100,000 (10%) | O=5.54 C=5.98
16:25:53 [ORGO] QUOTE: $5.9800 vol=113 | filter: $1.00-$20.00
16:25:53 [ORGO] CANDLE BUILDING: GREEN | Vol: 9,701 / 100,000 (10%) | O=5.54 C=5.98
16:25:54 [ORGO] QUOTE: $6.1800 vol=2,674 | filter: $1.00-$20.00
16:25:54 [ORGO] CANDLE BUILDING: GREEN | Vol: 12,375 / 100,000 (12%) | O=5.54 C=6.18
16:25:54 [ORGO] QUOTE: $6.1800 vol=2,674 | filter: $1.00-$20.00
16:25:54 [ORGO] CANDLE BUILDING: GREEN | Vol: 12,375 / 100,000 (12%) | O=5.54 C=6.18
16:25:54 [ORGO] QUOTE: $6.1800 vol=2,674 | filter: $1.00-$20.00
16:25:54 [ORGO] CANDLE BUILDING: GREEN | Vol: 15,049 / 100,000 (15%) | O=5.54 C=6.18
16:25:54 [ORGO] QUOTE: $6.1800 vol=2,674 | filter: $1.00-$20.00
16:25:54 [ORGO] CANDLE BUILDING: GREEN | Vol: 15,049 / 100,000 (15%) | O=5.54 C=6.18
16:25:54 [ORGO] QUOTE: $6.2100 vol=475 | filter: $1.00-$20.00
16:25:54 [ORGO] CANDLE BUILDING: GREEN | Vol: 15,524 / 100,000 (16%) | O=5.54 C=6.21
16:25:54 [ORGO] QUOTE: $6.2100 vol=475 | filter: $1.00-$20.00
16:25:54 [ORGO] CANDLE BUILDING: GREEN | Vol: 15,524 / 100,000 (16%) | O=5.54 C=6.21
16:25:55 [ORGO] QUOTE: $6.2000 vol=1,325 | filter: $1.00-$20.00
16:25:55 [ORGO] CANDLE BUILDING: GREEN | Vol: 16,849 / 100,000 (17%) | O=5.54 C=6.20
16:25:55 [ORGO] QUOTE: $6.2000 vol=1,325 | filter: $1.00-$20.00
16:25:55 [ORGO] CANDLE BUILDING: GREEN | Vol: 16,849 / 100,000 (17%) | O=5.54 C=6.20
16:25:55 [ORGO] QUOTE: $6.2000 vol=1,325 | filter: $1.00-$20.00
16:25:55 [ORGO] CANDLE BUILDING: GREEN | Vol: 18,174 / 100,000 (18%) | O=5.54 C=6.20
16:25:55 [ORGO] QUOTE: $6.2000 vol=1,325 | filter: $1.00-$20.00
16:25:55 [ORGO] CANDLE BUILDING: GREEN | Vol: 18,174 / 100,000 (18%) | O=5.54 C=6.20
16:25:55 [ORGO] QUOTE: $6.2100 vol=100 | filter: $1.00-$20.00
16:25:55 [ORGO] CANDLE BUILDING: GREEN | Vol: 18,274 / 100,000 (18%) | O=5.54 C=6.21
16:25:55 [ORGO] QUOTE: $6.2100 vol=100 | filter: $1.00-$20.00
16:25:55 [ORGO] CANDLE BUILDING: GREEN | Vol: 18,274 / 100,000 (18%) | O=5.54 C=6.21
16:25:56 [ORGO] QUOTE: $6.2100 vol=100 | filter: $1.00-$20.00
16:25:56 [ORGO] CANDLE BUILDING: GREEN | Vol: 18,374 / 100,000 (18%) | O=5.54 C=6.21
16:25:56 [ORGO] QUOTE: $6.2100 vol=100 | filter: $1.00-$20.00
16:25:56 [ORGO] CANDLE BUILDING: GREEN | Vol: 18,374 / 100,000 (18%) | O=5.54 C=6.21
16:25:56 [ORGO] QUOTE: $6.2900 vol=100 | filter: $1.00-$20.00
16:25:56 [ORGO] CANDLE BUILDING: GREEN | Vol: 18,474 / 100,000 (18%) | O=5.54 C=6.29
16:25:56 [ORGO] QUOTE: $6.2900 vol=100 | filter: $1.00-$20.00
16:25:56 [ORGO] CANDLE BUILDING: GREEN | Vol: 18,474 / 100,000 (18%) | O=5.54 C=6.29
16:25:57 [ORGO] QUOTE: $6.2700 vol=200 | filter: $1.00-$20.00
16:25:57 [ORGO] CANDLE BUILDING: GREEN | Vol: 18,674 / 100,000 (19%) | O=5.54 C=6.27
16:25:57 [ORGO] QUOTE: $6.2700 vol=200 | filter: $1.00-$20.00
16:25:57 [ORGO] CANDLE BUILDING: GREEN | Vol: 18,674 / 100,000 (19%) | O=5.54 C=6.27
16:25:57 [ORGO] QUOTE: $6.2700 vol=200 | filter: $1.00-$20.00
16:25:57 [ORGO] CANDLE BUILDING: GREEN | Vol: 18,874 / 100,000 (19%) | O=5.54 C=6.27
16:25:57 [ORGO] QUOTE: $6.2700 vol=200 | filter: $1.00-$20.00
16:25:57 [ORGO] CANDLE BUILDING: GREEN | Vol: 18,874 / 100,000 (19%) | O=5.54 C=6.27
16:25:57 [ORGO] QUOTE: $6.2600 vol=100 | filter: $1.00-$20.00
16:25:57 [ORGO] CANDLE BUILDING: GREEN | Vol: 18,974 / 100,000 (19%) | O=5.54 C=6.26
16:25:57 [ORGO] QUOTE: $6.2600 vol=100 | filter: $1.00-$20.00
16:25:57 [ORGO] CANDLE BUILDING: GREEN | Vol: 18,974 / 100,000 (19%) | O=5.54 C=6.26
16:25:58 [ORGO] QUOTE: $6.2600 vol=100 | filter: $1.00-$20.00
16:25:58 [ORGO] CANDLE BUILDING: GREEN | Vol: 19,074 / 100,000 (19%) | O=5.54 C=6.26
16:25:58 [ORGO] QUOTE: $6.2600 vol=100 | filter: $1.00-$20.00
16:25:58 [ORGO] CANDLE BUILDING: GREEN | Vol: 19,074 / 100,000 (19%) | O=5.54 C=6.26
16:25:58 [ORGO] QUOTE: $6.3400 vol=152 | filter: $1.00-$20.00
16:25:58 [ORGO] CANDLE BUILDING: GREEN | Vol: 19,226 / 100,000 (19%) | O=5.54 C=6.34
16:25:58 [ORGO] QUOTE: $6.3400 vol=152 | filter: $1.00-$20.00
16:25:58 [ORGO] CANDLE BUILDING: GREEN | Vol: 19,226 / 100,000 (19%) | O=5.54 C=6.34
16:25:59 [ORGO] QUOTE: $6.2600 vol=252 | filter: $1.00-$20.00
16:25:59 [ORGO] CANDLE BUILDING: GREEN | Vol: 19,478 / 100,000 (19%) | O=5.54 C=6.26
16:25:59 [ORGO] QUOTE: $6.2600 vol=252 | filter: $1.00-$20.00
16:25:59 [ORGO] CANDLE BUILDING: GREEN | Vol: 19,478 / 100,000 (19%) | O=5.54 C=6.26
16:25:59 [ORGO] QUOTE: $6.2600 vol=252 | filter: $1.00-$20.00
16:25:59 [ORGO] CANDLE BUILDING: GREEN | Vol: 19,730 / 100,000 (20%) | O=5.54 C=6.26
16:25:59 [ORGO] QUOTE: $6.2600 vol=252 | filter: $1.00-$20.00
16:25:59 [ORGO] CANDLE BUILDING: GREEN | Vol: 19,730 / 100,000 (20%) | O=5.54 C=6.26
16:25:59 [ORGO] QUOTE: $6.3300 vol=140 | filter: $1.00-$20.00
16:25:59 [ORGO] CANDLE BUILDING: GREEN | Vol: 19,870 / 100,000 (20%) | O=5.54 C=6.33
16:25:59 [ORGO] QUOTE: $6.3300 vol=140 | filter: $1.00-$20.00
16:25:59 [ORGO] CANDLE BUILDING: GREEN | Vol: 19,870 / 100,000 (20%) | O=5.54 C=6.33
16:26:00 [ORGO] QUOTE: $6.1694 vol=961 | filter: $1.00-$20.00
16:26:00 [ORGO] CANDLE BUILDING: GREEN | Vol: 20,831 / 100,000 (21%) | O=5.54 C=6.17
16:26:00 [ORGO] QUOTE: $6.1694 vol=961 | filter: $1.00-$20.00
16:26:00 [ORGO] CANDLE BUILDING: GREEN | Vol: 20,831 / 100,000 (21%) | O=5.54 C=6.17
16:26:01 [ORGO] QUOTE: $6.1694 vol=961 | filter: $1.00-$20.00
16:26:01 [ORGO] CANDLE BUILDING: GREEN | Vol: 21,792 / 100,000 (22%) | O=5.54 C=6.17
16:26:01 [ORGO] QUOTE: $6.1694 vol=961 | filter: $1.00-$20.00
16:26:01 [ORGO] CANDLE BUILDING: GREEN | Vol: 21,792 / 100,000 (22%) | O=5.54 C=6.17
16:26:01 [ORGO] QUOTE: $6.1200 vol=100 | filter: $1.00-$20.00
16:26:01 
16:26:01 [ORGO] ━━━ CANDLE CLOSED ━━━
16:26:01 [ORGO] GREEN candle | O=5.54 H=6.34 L=5.48 C=6.17
16:26:01 [ORGO] Volume: 21,792 <✗ 100,000 threshold
16:26:01 [ORGO] Qualifies for entry: NO ✗
16:26:01 
16:26:01 [ORGO] CANDLE BUILDING: RED | Vol: 100 / 100,000 (0%) | O=6.12 C=6.12
16:26:01 [ORGO] LAST COMPLETED CANDLE: GREEN | Vol: 21,792 <✗ 100,000 | Green candles with vol: 0/1 needed
16:26:01 [ORGO] QUOTE: $6.1200 vol=100 | filter: $1.00-$20.00
16:26:01 
16:26:01 [ORGO] ━━━ CANDLE CLOSED ━━━
16:26:01 [ORGO] GREEN candle | O=5.54 H=6.34 L=5.48 C=6.17
16:26:01 [ORGO] Volume: 21,792 <✗ 100,000 threshold
16:26:01 [ORGO] Qualifies for entry: NO ✗
16:26:01 
16:26:01 [ORGO] CANDLE BUILDING: RED | Vol: 100 / 100,000 (0%) | O=6.12 C=6.12
16:26:01 [ORGO] LAST COMPLETED CANDLE: GREEN | Vol: 21,792 <✗ 100,000 | Green candles with vol: 0/1 needed
16:26:02 [ORGO] QUOTE: $6.1200 vol=100 | filter: $1.00-$20.00
16:26:02 [ORGO] CANDLE BUILDING: RED | Vol: 200 / 100,000 (0%) | O=6.12 C=6.12
16:26:02 [ORGO] LAST COMPLETED CANDLE: GREEN | Vol: 21,792 <✗ 100,000 | Green candles with vol: 0/1 needed
16:26:02 [ORGO] QUOTE: $6.1200 vol=100 | filter: $1.00-$20.00
16:26:02 [ORGO] CANDLE BUILDING: RED | Vol: 200 / 100,000 (0%) | O=6.12 C=6.12
16:26:02 [ORGO] LAST COMPLETED CANDLE: GREEN | Vol: 21,792 <✗ 100,000 | Green candles with vol: 0/1 needed
16:26:02 [ORGO] QUOTE: $6.0100 vol=100 | filter: $1.00-$20.00
16:26:02 [ORGO] CANDLE BUILDING: RED | Vol: 300 / 100,000 (0%) | O=6.12 C=6.01
16:26:02 [ORGO] LAST COMPLETED CANDLE: GREEN | Vol: 21,792 <✗ 100,000 | Green candles with vol: 0/1 needed
16:26:02 [ORGO] QUOTE: $6.0100 vol=100 | filter: $1.00-$20.00
16:26:02 [ORGO] CANDLE BUILDING: RED | Vol: 300 / 100,000 (0%) | O=6.12 C=6.01
16:26:02 [ORGO] LAST COMPLETED CANDLE: GREEN | Vol: 21,792 <✗ 100,000 | Green candles with vol: 0/1 needed
16:26:03 [ORGO] QUOTE: $6.1697 vol=900 | filter: $1.00-$20.00
16:26:03 [ORGO] CANDLE BUILDING: GREEN | Vol: 1,200 / 100,000 (1%) | O=6.12 C=6.17
16:26:03 [ORGO] LAST COMPLETED CANDLE: GREEN | Vol: 21,792 <✗ 100,000 | Green candles with vol: 0/1 needed
16:26:03 [ORGO] QUOTE: $6.1697 vol=900 | filter: $1.00-$20.00
16:26:03 [ORGO] CANDLE BUILDING: GREEN | Vol: 1,200 / 100,000 (1%) | O=6.12 C=6.17
16:26:03 [ORGO] LAST COMPLETED CANDLE: GREEN | Vol: 21,792 <✗ 100,000 | Green candles with vol: 0/1 needed
16:26:03 [ORGO] QUOTE: $6.1697 vol=900 | filter: $1.00-$20.00
16:26:03 [ORGO] CANDLE BUILDING: GREEN | Vol: 2,100 / 100,000 (2%) | O=6.12 C=6.17
16:26:03 [ORGO] LAST COMPLETED CANDLE: GREEN | Vol: 21,792 <✗ 100,000 | Green candles with vol: 0/1 needed
16:26:03 [ORGO] QUOTE: $6.1697 vol=900 | filter: $1.00-$20.00
16:26:03 [ORGO] CANDLE BUILDING: GREEN | Vol: 2,100 / 100,000 (2%) | O=6.12 C=6.17
16:26:03 [ORGO] LAST COMPLETED CANDLE: GREEN | Vol: 21,792 <✗ 100,000 | Green candles with vol: 0/1 needed
16:26:03 [ORGO] QUOTE: $6.1600 vol=100 | filter: $1.00-$20.00
16:26:03 [ORGO] CANDLE BUILDING: GREEN | Vol: 2,200 / 100,000 (2%) | O=6.12 C=6.16
16:26:03 [ORGO] LAST COMPLETED CANDLE: GREEN | Vol: 21,792 <✗ 100,000 | Green candles with vol: 0/1 needed
16:26:03 [ORGO] QUOTE: $6.1600 vol=100 | filter: $1.00-$20.00
16:26:03 [ORGO] CANDLE BUILDING: GREEN | Vol: 2,200 / 100,000 (2%) | O=6.12 C=6.16
16:26:03 [ORGO] LAST COMPLETED CANDLE: GREEN | Vol: 21,792 <✗ 100,000 | Green candles with vol: 0/1 needed
16:26:04 [ORGO] QUOTE: $6.0000 vol=704 | filter: $1.00-$20.00
16:26:04 [ORGO] CANDLE BUILDING: RED | Vol: 2,904 / 100,000 (3%) | O=6.12 C=6.00
16:26:04 [ORGO] LAST COMPLETED CANDLE: GREEN | Vol: 21,792 <✗ 100,000 | Green candles with vol: 0/1 needed
16:26:04 [ORGO] QUOTE: $6.0000 vol=704 | filter: $1.00-$20.00
16:26:04 [ORGO] CANDLE BUILDING: RED | Vol: 2,904 / 100,000 (3%) | O=6.12 C=6.00
16:26:04 [ORGO] LAST COMPLETED CANDLE: GREEN | Vol: 21,792 <✗ 100,000 | Green candles with vol: 0/1 needed
16:26:04 [ORGO] QUOTE: $6.0000 vol=704 | filter: $1.00-$20.00
16:26:04 [ORGO] CANDLE BUILDING: RED | Vol: 3,608 / 100,000 (4%) | O=6.12 C=6.00
16:26:04 [ORGO] LAST COMPLETED CANDLE: GREEN | Vol: 21,792 <✗ 100,000 | Green candles with vol: 0/1 needed
16:26:04 [ORGO] QUOTE: $6.0000 vol=704 | filter: $1.00-$20.00
16:26:04 [ORGO] CANDLE BUILDING: RED | Vol: 3,608 / 100,000 (4%) | O=6.12 C=6.00
16:26:04 [ORGO] LAST COMPLETED CANDLE: GREEN | Vol: 21,792 <✗ 100,000 | Green candles with vol: 0/1 needed
16:26:04 [ORGO] QUOTE: $6.1700 vol=172 | filter: $1.00-$20.00
16:26:04 [ORGO] CANDLE BUILDING: GREEN | Vol: 3,780 / 100,000 (4%) | O=6.12 C=6.17
16:26:04 [ORGO] LAST COMPLETED CANDLE: GREEN | Vol: 21,792 <✗ 100,000 | Green candles with vol: 0/1 needed
16:26:04 [ORGO] QUOTE: $6.1700 vol=172 | filter: $1.00-$20.00
16:26:04 [ORGO] CANDLE BUILDING: GREEN | Vol: 3,780 / 100,000 (4%) | O=6.12 C=6.17
16:26:04 [ORGO] LAST COMPLETED CANDLE: GREEN | Vol: 21,792 <✗ 100,000 | Green candles with vol: 0/1 needed
16:26:05 [ORGO] QUOTE: $6.1700 vol=372 | filter: $1.00-$20.00
16:26:05 [ORGO] CANDLE BUILDING: GREEN | Vol: 4,152 / 100,000 (4%) | O=6.12 C=6.17
16:26:05 [ORGO] LAST COMPLETED CANDLE: GREEN | Vol: 21,792 <✗ 100,000 | Green candles with vol: 0/1 needed
16:26:05 [ORGO] QUOTE: $6.1700 vol=372 | filter: $1.00-$20.00
16:26:05 [ORGO] CANDLE BUILDING: GREEN | Vol: 4,152 / 100,000 (4%) | O=6.12 C=6.17
16:26:05 [ORGO] LAST COMPLETED CANDLE: GREEN | Vol: 21,792 <✗ 100,000 | Green candles with vol: 0/1 needed
16:26:05 [ORGO] QUOTE: $6.1700 vol=372 | filter: $1.00-$20.00
16:26:05 [ORGO] CANDLE BUILDING: GREEN | Vol: 4,524 / 100,000 (5%) | O=6.12 C=6.17
16:26:05 [ORGO] LAST COMPLETED CANDLE: GREEN | Vol: 21,792 <✗ 100,000 | Green candles with vol: 0/1 needed
16:26:05 [ORGO] QUOTE: $6.1700 vol=372 | filter: $1.00-$20.00
16:26:05 [ORGO] CANDLE BUILDING: GREEN | Vol: 4,524 / 100,000 (5%) | O=6.12 C=6.17
16:26:05 [ORGO] LAST COMPLETED CANDLE: GREEN | Vol: 21,792 <✗ 100,000 | Green candles with vol: 0/1 needed
16:26:05 [ORGO] QUOTE: $6.1398 vol=140 | filter: $1.00-$20.00
16:26:05 [ORGO] CANDLE BUILDING: GREEN | Vol: 4,664 / 100,000 (5%) | O=6.12 C=6.14
16:26:05 [ORGO] LAST COMPLETED CANDLE: GREEN | Vol: 21,792 <✗ 100,000 | Green candles with vol: 0/1 needed
16:26:05 [ORGO] QUOTE: $6.1398 vol=140 | filter: $1.00-$20.00
16:26:05 [ORGO] CANDLE BUILDING: GREEN | Vol: 4,664 / 100,000 (5%) | O=6.12 C=6.14
16:26:05 [ORGO] LAST COMPLETED CANDLE: GREEN | Vol: 21,792 <✗ 100,000 | Green candles with vol: 0/1 needed
16:26:07 [ORGO] QUOTE: $6.1398 vol=140 | filter: $1.00-$20.00
16:26:07 [ORGO] CANDLE BUILDING: GREEN | Vol: 4,804 / 100,000 (5%) | O=6.12 C=6.14
16:26:07 [ORGO] LAST COMPLETED CANDLE: GREEN | Vol: 21,792 <✗ 100,000 | Green candles with vol: 0/1 needed
16:26:07 [ORGO] QUOTE: $6.1398 vol=140 | filter: $1.00-$20.00
16:26:07 [ORGO] CANDLE BUILDING: GREEN | Vol: 4,804 / 100,000 (5%) | O=6.12 C=6.14
16:26:07 [ORGO] LAST COMPLETED CANDLE: GREEN | Vol: 21,792 <✗ 100,000 | Green candles with vol: 0/1 needed
16:26:07 [ORGO] QUOTE: $6.0600 vol=100 | filter: $1.00-$20.00
16:26:07 [ORGO] CANDLE BUILDING: RED | Vol: 4,904 / 100,000 (5%) | O=6.12 C=6.06
16:26:07 [ORGO] LAST COMPLETED CANDLE: GREEN | Vol: 21,792 <✗ 100,000 | Green candles with vol: 0/1 needed
16:26:07 [ORGO] QUOTE: $6.0600 vol=100 | filter: $1.00-$20.00
16:26:07 [ORGO] CANDLE BUILDING: RED | Vol: 4,904 / 100,000 (5%) | O=6.12 C=6.06
16:26:07 [ORGO] LAST COMPLETED CANDLE: GREEN | Vol: 21,792 <✗ 100,000 | Green candles with vol: 0/1 needed
16:26:07 [ORGO] QUOTE: $6.0600 vol=100 | filter: $1.00-$20.00
16:26:07 [ORGO] CANDLE BUILDING: RED | Vol: 5,004 / 100,000 (5%) | O=6.12 C=6.06
16:26:07 [ORGO] LAST COMPLETED CANDLE: GREEN | Vol: 21,792 <✗ 100,000 | Green candles with vol: 0/1 needed
16:26:07 [ORGO] QUOTE: $6.0600 vol=100 | filter: $1.00-$20.00
16:26:07 [ORGO] CANDLE BUILDING: RED | Vol: 5,004 / 100,000 (5%) | O=6.12 C=6.06
16:26:07 [ORGO] LAST COMPLETED CANDLE: GREEN | Vol: 21,792 <✗ 100,000 | Green candles with vol: 0/1 needed
16:26:07 [ORGO] QUOTE: $5.9500 vol=100 | filter: $1.00-$20.00
16:26:07 [ORGO] CANDLE BUILDING: RED | Vol: 5,104 / 100,000 (5%) | O=6.12 C=5.95
16:26:07 [ORGO] LAST COMPLETED CANDLE: GREEN | Vol: 21,792 <✗ 100,000 | Green candles with vol: 0/1 needed
16:26:07 [ORGO] QUOTE: $5.9500 vol=100 | filter: $1.00-$20.00
16:26:07 [ORGO] CANDLE BUILDING: RED | Vol: 5,104 / 100,000 (5%) | O=6.12 C=5.95
16:26:07 [ORGO] LAST COMPLETED CANDLE: GREEN | Vol: 21,792 <✗ 100,000 | Green candles with vol: 0/1 needed
16:26:08 [ORGO] QUOTE: $5.9400 vol=200 | filter: $1.00-$20.00
16:26:08 [ORGO] CANDLE BUILDING: RED | Vol: 5,304 / 100,000 (5%) | O=6.12 C=5.94
16:26:08 [ORGO] LAST COMPLETED CANDLE: GREEN | Vol: 21,792 <✗ 100,000 | Green candles with vol: 0/1 needed
16:26:08 [ORGO] QUOTE: $5.9400 vol=200 | filter: $1.00-$20.00
16:26:08 [ORGO] CANDLE BUILDING: RED | Vol: 5,304 / 100,000 (5%) | O=6.12 C=5.94
16:26:08 [ORGO] LAST COMPLETED CANDLE: GREEN | Vol: 21,792 <✗ 100,000 | Green candles with vol: 0/1 needed
16:26:08 [ORGO] QUOTE: $5.9400 vol=200 | filter: $1.00-$20.00
16:26:08 [ORGO] CANDLE BUILDING: RED | Vol: 5,504 / 100,000 (6%) | O=6.12 C=5.94
16:26:08 [ORGO] LAST COMPLETED CANDLE: GREEN | Vol: 21,792 <✗ 100,000 | Green candles with vol: 0/1 needed
16:26:08 [ORGO] QUOTE: $5.9400 vol=200 | filter: $1.00-$20.00
16:26:08 [ORGO] CANDLE BUILDING: RED | Vol: 5,504 / 100,000 (6%) | O=6.12 C=5.94
16:26:08 [ORGO] LAST COMPLETED CANDLE: GREEN | Vol: 21,792 <✗ 100,000 | Green candles with vol: 0/1 needed
16:26:08 [ORGO] QUOTE: $5.9600 vol=165 | filter: $1.00-$20.00
16:26:08 [ORGO] CANDLE BUILDING: RED | Vol: 5,669 / 100,000 (6%) | O=6.12 C=5.96
16:26:08 [ORGO] LAST COMPLETED CANDLE: GREEN | Vol: 21,792 <✗ 100,000 | Green candles with vol: 0/1 needed
16:26:08 [ORGO] QUOTE: $5.9600 vol=165 | filter: $1.00-$20.00
16:26:08 [ORGO] CANDLE BUILDING: RED | Vol: 5,669 / 100,000 (6%) | O=6.12 C=5.96
16:26:08 [ORGO] LAST COMPLETED CANDLE: GREEN | Vol: 21,792 <✗ 100,000 | Green candles with vol: 0/1 needed
16:26:09 [ORGO] QUOTE: $5.9400 vol=2,740 | filter: $1.00-$20.00
16:26:09 [ORGO] CANDLE BUILDING: RED | Vol: 8,409 / 100,000 (8%) | O=6.12 C=5.94
16:26:09 [ORGO] LAST COMPLETED CANDLE: GREEN | Vol: 21,792 <✗ 100,000 | Green candles with vol: 0/1 needed
16:26:09 [ORGO] QUOTE: $5.9400 vol=2,740 | filter: $1.00-$20.00
16:26:09 [ORGO] CANDLE BUILDING: RED | Vol: 8,409 / 100,000 (8%) | O=6.12 C=5.94
16:26:09 [ORGO] LAST COMPLETED CANDLE: GREEN | Vol: 21,792 <✗ 100,000 | Green candles with vol: 0/1 needed
16:26:09 [ORGO] QUOTE: $5.9400 vol=2,740 | filter: $1.00-$20.00
16:26:09 [ORGO] CANDLE BUILDING: RED | Vol: 11,149 / 100,000 (11%) | O=6.12 C=5.94
16:26:09 [ORGO] LAST COMPLETED CANDLE: GREEN | Vol: 21,792 <✗ 100,000 | Green candles with vol: 0/1 needed
16:26:09 [ORGO] QUOTE: $5.9400 vol=2,740 | filter: $1.00-$20.00
16:26:09 [ORGO] CANDLE BUILDING: RED | Vol: 11,149 / 100,000 (11%) | O=6.12 C=5.94
16:26:09 [ORGO] LAST COMPLETED CANDLE: GREEN | Vol: 21,792 <✗ 100,000 | Green candles with vol: 0/1 needed
16:26:09 [ORGO] QUOTE: $5.9800 vol=100 | filter: $1.00-$20.00
16:26:09 [ORGO] CANDLE BUILDING: RED | Vol: 11,249 / 100,000 (11%) | O=6.12 C=5.98
16:26:09 [ORGO] LAST COMPLETED CANDLE: GREEN | Vol: 21,792 <✗ 100,000 | Green candles with vol: 0/1 needed
16:26:09 [ORGO] QUOTE: $5.9800 vol=100 | filter: $1.00-$20.00
16:26:09 [ORGO] CANDLE BUILDING: RED | Vol: 11,249 / 100,000 (11%) | O=6.12 C=5.98
16:26:09 [ORGO] LAST COMPLETED CANDLE: GREEN | Vol: 21,792 <✗ 100,000 | Green candles with vol: 0/1 needed
16:26:10 [ORGO] QUOTE: $5.9800 vol=100 | filter: $1.00-$20.00
16:26:10 [ORGO] CANDLE BUILDING: RED | Vol: 11,349 / 100,000 (11%) | O=6.12 C=5.98
16:26:10 [ORGO] LAST COMPLETED CANDLE: GREEN | Vol: 21,792 <✗ 100,000 | Green candles with vol: 0/1 needed
16:26:10 [ORGO] QUOTE: $5.9800 vol=100 | filter: $1.00-$20.00
16:26:10 [ORGO] CANDLE BUILDING: RED | Vol: 11,349 / 100,000 (11%) | O=6.12 C=5.98
16:26:10 [ORGO] LAST COMPLETED CANDLE: GREEN | Vol: 21,792 <✗ 100,000 | Green candles with vol: 0/1 needed
16:26:10 [ORGO] QUOTE: $5.7900 vol=274 | filter: $1.00-$20.00
16:26:10 [ORGO] CANDLE BUILDING: RED | Vol: 11,623 / 100,000 (12%) | O=6.12 C=5.79
16:26:10 [ORGO] LAST COMPLETED CANDLE: GREEN | Vol: 21,792 <✗ 100,000 | Green candles with vol: 0/1 needed
16:26:10 [ORGO] QUOTE: $5.7900 vol=274 | filter: $1.00-$20.00
16:26:10 [ORGO] CANDLE BUILDING: RED | Vol: 11,623 / 100,000 (12%) | O=6.12 C=5.79
16:26:10 [ORGO] LAST COMPLETED CANDLE: GREEN | Vol: 21,792 <✗ 100,000 | Green candles with vol: 0/1 needed
16:26:11 [ORGO] QUOTE: $5.7678 vol=377 | filter: $1.00-$20.00
16:26:11 [ORGO] CANDLE BUILDING: RED | Vol: 12,000 / 100,000 (12%) | O=6.12 C=5.77
16:26:11 [ORGO] LAST COMPLETED CANDLE: GREEN | Vol: 21,792 <✗ 100,000 | Green candles with vol: 0/1 needed
16:26:11 [ORGO] QUOTE: $5.7678 vol=377 | filter: $1.00-$20.00
16:26:11 [ORGO] CANDLE BUILDING: RED | Vol: 12,000 / 100,000 (12%) | O=6.12 C=5.77
16:26:11 [ORGO] LAST COMPLETED CANDLE: GREEN | Vol: 21,792 <✗ 100,000 | Green candles with vol: 0/1 needed
16:26:11 [ORGO] QUOTE: $5.7678 vol=377 | filter: $1.00-$20.00
16:26:11 [ORGO] CANDLE BUILDING: RED | Vol: 12,377 / 100,000 (12%) | O=6.12 C=5.77
16:26:11 [ORGO] LAST COMPLETED CANDLE: GREEN | Vol: 21,792 <✗ 100,000 | Green candles with vol: 0/1 needed
16:26:11 [ORGO] QUOTE: $5.7678 vol=377 | filter: $1.00-$20.00
16:26:11 [ORGO] CANDLE BUILDING: RED | Vol: 12,377 / 100,000 (12%) | O=6.12 C=5.77
16:26:11 [ORGO] LAST COMPLETED CANDLE: GREEN | Vol: 21,792 <✗ 100,000 | Green candles with vol: 0/1 needed
16:26:11 [ORGO] QUOTE: $5.7200 vol=189 | filter: $1.00-$20.00
16:26:11 [ORGO] CANDLE BUILDING: RED | Vol: 12,566 / 100,000 (13%) | O=6.12 C=5.72
16:26:11 [ORGO] LAST COMPLETED CANDLE: GREEN | Vol: 21,792 <✗ 100,000 | Green candles with vol: 0/1 needed
16:26:11 [ORGO] QUOTE: $5.7200 vol=189 | filter: $1.00-$20.00
16:26:11 [ORGO] CANDLE BUILDING: RED | Vol: 12,566 / 100,000 (13%) | O=6.12 C=5.72
16:26:11 [ORGO] LAST COMPLETED CANDLE: GREEN | Vol: 21,792 <✗ 100,000 | Green candles with vol: 0/1 needed
16:26:12 [ORGO] QUOTE: $5.6100 vol=378 | filter: $1.00-$20.00
16:26:12 [ORGO] CANDLE BUILDING: RED | Vol: 12,944 / 100,000 (13%) | O=6.12 C=5.61
16:26:12 [ORGO] LAST COMPLETED CANDLE: GREEN | Vol: 21,792 <✗ 100,000 | Green candles with vol: 0/1 needed
16:26:12 [ORGO] QUOTE: $5.6100 vol=378 | filter: $1.00-$20.00
16:26:12 [ORGO] CANDLE BUILDING: RED | Vol: 12,944 / 100,000 (13%) | O=6.12 C=5.61
16:26:12 [ORGO] LAST COMPLETED CANDLE: GREEN | Vol: 21,792 <✗ 100,000 | Green candles with vol: 0/1 needed
16:26:13 [ORGO] QUOTE: $5.6100 vol=378 | filter: $1.00-$20.00
16:26:13 [ORGO] CANDLE BUILDING: RED | Vol: 13,322 / 100,000 (13%) | O=6.12 C=5.61
16:26:13 [ORGO] LAST COMPLETED CANDLE: GREEN | Vol: 21,792 <✗ 100,000 | Green candles with vol: 0/1 needed
16:26:13 [ORGO] QUOTE: $5.6100 vol=378 | filter: $1.00-$20.00
16:26:13 [ORGO] CANDLE BUILDING: RED | Vol: 13,322 / 100,000 (13%) | O=6.12 C=5.61
16:26:13 [ORGO] LAST COMPLETED CANDLE: GREEN | Vol: 21,792 <✗ 100,000 | Green candles with vol: 0/1 needed
16:26:13 [ORGO] QUOTE: $5.6300 vol=384 | filter: $1.00-$20.00
16:26:13 [ORGO] CANDLE BUILDING: RED | Vol: 13,706 / 100,000 (14%) | O=6.12 C=5.63
16:26:13 [ORGO] LAST COMPLETED CANDLE: GREEN | Vol: 21,792 <✗ 100,000 | Green candles with vol: 0/1 needed
16:26:13 [ORGO] QUOTE: $5.6300 vol=384 | filter: $1.00-$20.00
16:26:13 [ORGO] CANDLE BUILDING: RED | Vol: 13,706 / 100,000 (14%) | O=6.12 C=5.63
16:26:13 [ORGO] LAST COMPLETED CANDLE: GREEN | Vol: 21,792 <✗ 100,000 | Green candles with vol: 0/1 needed
16:26:14 [ORGO] QUOTE: $5.6300 vol=384 | filter: $1.00-$20.00
16:26:14 [ORGO] CANDLE BUILDING: RED | Vol: 14,090 / 100,000 (14%) | O=6.12 C=5.63
16:26:14 [ORGO] LAST COMPLETED CANDLE: GREEN | Vol: 21,792 <✗ 100,000 | Green candles with vol: 0/1 needed
16:26:14 [ORGO] QUOTE: $5.6300 vol=384 | filter: $1.00-$20.00
16:26:14 [ORGO] CANDLE BUILDING: RED | Vol: 14,090 / 100,000 (14%) | O=6.12 C=5.63
16:26:14 [ORGO] LAST COMPLETED CANDLE: GREEN | Vol: 21,792 <✗ 100,000 | Green candles with vol: 0/1 needed
16:26:14 [ORGO] QUOTE: $5.6315 vol=100 | filter: $1.00-$20.00
16:26:14 [ORGO] CANDLE BUILDING: RED | Vol: 14,190 / 100,000 (14%) | O=6.12 C=5.63
16:26:14 [ORGO] LAST COMPLETED CANDLE: GREEN | Vol: 21,792 <✗ 100,000 | Green candles with vol: 0/1 needed
16:26:14 [ORGO] QUOTE: $5.6315 vol=100 | filter: $1.00-$20.00
16:26:14 [ORGO] CANDLE BUILDING: RED | Vol: 14,190 / 100,000 (14%) | O=6.12 C=5.63
16:26:14 [ORGO] LAST COMPLETED CANDLE: GREEN | Vol: 21,792 <✗ 100,000 | Green candles with vol: 0/1 needed
16:26:16 [ORGO] QUOTE: $5.7000 vol=300 | filter: $1.00-$20.00
16:26:16 [ORGO] CANDLE BUILDING: RED | Vol: 14,490 / 100,000 (14%) | O=6.12 C=5.70
16:26:16 [ORGO] LAST COMPLETED CANDLE: GREEN | Vol: 21,792 <✗ 100,000 | Green candles with vol: 0/1 needed
16:26:16 [ORGO] QUOTE: $5.7000 vol=300 | filter: $1.00-$20.00
16:26:16 [ORGO] CANDLE BUILDING: RED | Vol: 14,490 / 100,000 (14%) | O=6.12 C=5.70
16:26:16 [ORGO] LAST COMPLETED CANDLE: GREEN | Vol: 21,792 <✗ 100,000 | Green candles with vol: 0/1 needed
16:26:16 [ORGO] QUOTE: $5.7000 vol=300 | filter: $1.00-$20.00
16:26:16 [ORGO] CANDLE BUILDING: RED | Vol: 14,790 / 100,000 (15%) | O=6.12 C=5.70
16:26:16 [ORGO] LAST COMPLETED CANDLE: GREEN | Vol: 21,792 <✗ 100,000 | Green candles with vol: 0/1 needed
16:26:16 [ORGO] QUOTE: $5.7000 vol=300 | filter: $1.00-$20.00
16:26:16 [ORGO] CANDLE BUILDING: RED | Vol: 14,790 / 100,000 (15%) | O=6.12 C=5.70
16:26:16 [ORGO] LAST COMPLETED CANDLE: GREEN | Vol: 21,792 <✗ 100,000 | Green candles with vol: 0/1 needed
16:26:16 [ORGO] QUOTE: $5.9700 vol=100 | filter: $1.00-$20.00
16:26:16 [ORGO] CANDLE BUILDING: RED | Vol: 14,890 / 100,000 (15%) | O=6.12 C=5.97
16:26:16 [ORGO] LAST COMPLETED CANDLE: GREEN | Vol: 21,792 <✗ 100,000 | Green candles with vol: 0/1 needed
16:26:16 [ORGO] QUOTE: $5.9700 vol=100 | filter: $1.00-$20.00
16:26:16 [ORGO] CANDLE BUILDING: RED | Vol: 14,890 / 100,000 (15%) | O=6.12 C=5.97
16:26:16 [ORGO] LAST COMPLETED CANDLE: GREEN | Vol: 21,792 <✗ 100,000 | Green candles with vol: 0/1 needed
16:26:16 [ORGO] QUOTE: $5.9700 vol=100 | filter: $1.00-$20.00
16:26:16 [ORGO] CANDLE BUILDING: RED | Vol: 14,990 / 100,000 (15%) | O=6.12 C=5.97
16:26:16 [ORGO] LAST COMPLETED CANDLE: GREEN | Vol: 21,792 <✗ 100,000 | Green candles with vol: 0/1 needed
16:26:16 [ORGO] QUOTE: $5.9700 vol=100 | filter: $1.00-$20.00
16:26:16 [ORGO] CANDLE BUILDING: RED | Vol: 14,990 / 100,000 (15%) | O=6.12 C=5.97
16:26:16 [ORGO] LAST COMPLETED CANDLE: GREEN | Vol: 21,792 <✗ 100,000 | Green candles with vol: 0/1 needed
16:26:16 [ORGO] QUOTE: $5.7900 vol=200 | filter: $1.00-$20.00
16:26:16 [ORGO] CANDLE BUILDING: RED | Vol: 15,190 / 100,000 (15%) | O=6.12 C=5.79
16:26:16 [ORGO] LAST COMPLETED CANDLE: GREEN | Vol: 21,792 <✗ 100,000 | Green candles with vol: 0/1 needed
16:26:16 [ORGO] QUOTE: $5.7900 vol=200 | filter: $1.00-$20.00
16:26:16 [ORGO] CANDLE BUILDING: RED | Vol: 15,190 / 100,000 (15%) | O=6.12 C=5.79
16:26:16 [ORGO] LAST COMPLETED CANDLE: GREEN | Vol: 21,792 <✗ 100,000 | Green candles with vol: 0/1 needed
16:26:17 [ORGO] QUOTE: $5.7900 vol=200 | filter: $1.00-$20.00
16:26:17 [ORGO] CANDLE BUILDING: RED | Vol: 15,390 / 100,000 (15%) | O=6.12 C=5.79
16:26:17 [ORGO] LAST COMPLETED CANDLE: GREEN | Vol: 21,792 <✗ 100,000 | Green candles with vol: 0/1 needed
16:26:17 [ORGO] QUOTE: $5.7900 vol=200 | filter: $1.00-$20.00
16:26:17 [ORGO] CANDLE BUILDING: RED | Vol: 15,390 / 100,000 (15%) | O=6.12 C=5.79
16:26:17 [ORGO] LAST COMPLETED CANDLE: GREEN | Vol: 21,792 <✗ 100,000 | Green candles with vol: 0/1 needed
16:26:17 [ORGO] QUOTE: $5.7900 vol=105 | filter: $1.00-$20.00
16:26:17 [ORGO] CANDLE BUILDING: RED | Vol: 15,495 / 100,000 (15%) | O=6.12 C=5.79
16:26:17 [ORGO] LAST COMPLETED CANDLE: GREEN | Vol: 21,792 <✗ 100,000 | Green candles with vol: 0/1 needed
16:26:17 [ORGO] QUOTE: $5.7900 vol=105 | filter: $1.00-$20.00
16:26:17 [ORGO] CANDLE BUILDING: RED | Vol: 15,495 / 100,000 (15%) | O=6.12 C=5.79
16:26:17 [ORGO] LAST COMPLETED CANDLE: GREEN | Vol: 21,792 <✗ 100,000 | Green candles with vol: 0/1 needed
16:26:18 [ORGO] QUOTE: $5.7900 vol=210 | filter: $1.00-$20.00
16:26:18 [ORGO] CANDLE BUILDING: RED | Vol: 15,705 / 100,000 (16%) | O=6.12 C=5.79
16:26:18 [ORGO] LAST COMPLETED CANDLE: GREEN | Vol: 21,792 <✗ 100,000 | Green candles with vol: 0/1 needed
16:26:18 [ORGO] QUOTE: $5.7900 vol=210 | filter: $1.00-$20.00
16:26:18 [ORGO] CANDLE BUILDING: RED | Vol: 15,705 / 100,000 (16%) | O=6.12 C=5.79
16:26:18 [ORGO] LAST COMPLETED CANDLE: GREEN | Vol: 21,792 <✗ 100,000 | Green candles with vol: 0/1 needed
16:26:18 [ORGO] QUOTE: $5.7900 vol=210 | filter: $1.00-$20.00
16:26:18 [ORGO] CANDLE BUILDING: RED | Vol: 15,915 / 100,000 (16%) | O=6.12 C=5.79
16:26:18 [ORGO] LAST COMPLETED CANDLE: GREEN | Vol: 21,792 <✗ 100,000 | Green candles with vol: 0/1 needed
16:26:18 [ORGO] QUOTE: $5.7900 vol=210 | filter: $1.00-$20.00
16:26:18 [ORGO] CANDLE BUILDING: RED | Vol: 15,915 / 100,000 (16%) | O=6.12 C=5.79
16:26:18 [ORGO] LAST COMPLETED CANDLE: GREEN | Vol: 21,792 <✗ 100,000 | Green candles with vol: 0/1 needed
16:26:18 [ORGO] QUOTE: $6.0000 vol=300 | filter: $1.00-$20.00
16:26:18 [ORGO] CANDLE BUILDING: RED | Vol: 16,215 / 100,000 (16%) | O=6.12 C=6.00
16:26:18 [ORGO] LAST COMPLETED CANDLE: GREEN | Vol: 21,792 <✗ 100,000 | Green candles with vol: 0/1 needed
16:26:18 [ORGO] QUOTE: $6.0000 vol=300 | filter: $1.00-$20.00
16:26:18 [ORGO] CANDLE BUILDING: RED | Vol: 16,215 / 100,000 (16%) | O=6.12 C=6.00
16:26:18 [ORGO] LAST COMPLETED CANDLE: GREEN | Vol: 21,792 <✗ 100,000 | Green candles with vol: 0/1 needed
16:26:19 [ORGO] QUOTE: $6.0000 vol=300 | filter: $1.00-$20.00
16:26:19 [ORGO] CANDLE BUILDING: RED | Vol: 16,515 / 100,000 (17%) | O=6.12 C=6.00
16:26:19 [ORGO] LAST COMPLETED CANDLE: GREEN | Vol: 21,792 <✗ 100,000 | Green candles with vol: 0/1 needed
16:26:19 [ORGO] QUOTE: $6.0000 vol=300 | filter: $1.00-$20.00
16:26:19 [ORGO] CANDLE BUILDING: RED | Vol: 16,515 / 100,000 (17%) | O=6.12 C=6.00
16:26:19 [ORGO] LAST COMPLETED CANDLE: GREEN | Vol: 21,792 <✗ 100,000 | Green candles with vol: 0/1 needed
16:26:19 [ORGO] QUOTE: $6.0000 vol=100 | filter: $1.00-$20.00
16:26:19 [ORGO] CANDLE BUILDING: RED | Vol: 16,615 / 100,000 (17%) | O=6.12 C=6.00
16:26:19 [ORGO] LAST COMPLETED CANDLE: GREEN | Vol: 21,792 <✗ 100,000 | Green candles with vol: 0/1 needed
16:26:19 [ORGO] QUOTE: $6.0000 vol=100 | filter: $1.00-$20.00
16:26:19 [ORGO] CANDLE BUILDING: RED | Vol: 16,615 / 100,000 (17%) | O=6.12 C=6.00
16:26:19 [ORGO] LAST COMPLETED CANDLE: GREEN | Vol: 21,792 <✗ 100,000 | Green candles with vol: 0/1 needed
16:26:20 [ORGO] QUOTE: $6.0000 vol=100 | filter: $1.00-$20.00
16:26:20 [ORGO] CANDLE BUILDING: RED | Vol: 16,715 / 100,000 (17%) | O=6.12 C=6.00
16:26:20 [ORGO] LAST COMPLETED CANDLE: GREEN | Vol: 21,792 <✗ 100,000 | Green candles with vol: 0/1 needed
16:26:20 [ORGO] QUOTE: $6.0000 vol=100 | filter: $1.00-$20.00
16:26:20 [ORGO] CANDLE BUILDING: RED | Vol: 16,715 / 100,000 (17%) | O=6.12 C=6.00
16:26:20 [ORGO] LAST COMPLETED CANDLE: GREEN | Vol: 21,792 <✗ 100,000 | Green candles with vol: 0/1 needed
16:26:20 [ORGO] QUOTE: $5.8000 vol=100 | filter: $1.00-$20.00
16:26:20 [ORGO] CANDLE BUILDING: RED | Vol: 16,815 / 100,000 (17%) | O=6.12 C=5.80
16:26:20 [ORGO] LAST COMPLETED CANDLE: GREEN | Vol: 21,792 <✗ 100,000 | Green candles with vol: 0/1 needed
16:26:20 [ORGO] QUOTE: $5.8000 vol=100 | filter: $1.00-$20.00
16:26:20 [ORGO] CANDLE BUILDING: RED | Vol: 16,815 / 100,000 (17%) | O=6.12 C=5.80
16:26:20 [ORGO] LAST COMPLETED CANDLE: GREEN | Vol: 21,792 <✗ 100,000 | Green candles with vol: 0/1 needed
16:26:21 [ORGO] QUOTE: $5.7900 vol=400 | filter: $1.00-$20.00
16:26:21 [ORGO] CANDLE BUILDING: RED | Vol: 17,215 / 100,000 (17%) | O=6.12 C=5.79
16:26:21 [ORGO] LAST COMPLETED CANDLE: GREEN | Vol: 21,792 <✗ 100,000 | Green candles with vol: 0/1 needed
16:26:21 [ORGO] QUOTE: $5.7900 vol=400 | filter: $1.00-$20.00
16:26:21 [ORGO] CANDLE BUILDING: RED | Vol: 17,215 / 100,000 (17%) | O=6.12 C=5.79
16:26:21 [ORGO] LAST COMPLETED CANDLE: GREEN | Vol: 21,792 <✗ 100,000 | Green candles with vol: 0/1 needed
16:26:21 [ORGO] QUOTE: $5.7900 vol=400 | filter: $1.00-$20.00
16:26:21 [ORGO] CANDLE BUILDING: RED | Vol: 17,615 / 100,000 (18%) | O=6.12 C=5.79
16:26:21 [ORGO] LAST COMPLETED CANDLE: GREEN | Vol: 21,792 <✗ 100,000 | Green candles with vol: 0/1 needed
16:26:21 [ORGO] QUOTE: $5.7900 vol=400 | filter: $1.00-$20.00
16:26:21 [ORGO] CANDLE BUILDING: RED | Vol: 17,615 / 100,000 (18%) | O=6.12 C=5.79
16:26:21 [ORGO] LAST COMPLETED CANDLE: GREEN | Vol: 21,792 <✗ 100,000 | Green candles with vol: 0/1 needed
16:26:21 [ORGO] QUOTE: $5.8600 vol=182 | filter: $1.00-$20.00
16:26:21 [ORGO] CANDLE BUILDING: RED | Vol: 17,797 / 100,000 (18%) | O=6.12 C=5.86
16:26:21 [ORGO] LAST COMPLETED CANDLE: GREEN | Vol: 21,792 <✗ 100,000 | Green candles with vol: 0/1 needed
16:26:21 [ORGO] QUOTE: $5.8600 vol=182 | filter: $1.00-$20.00
16:26:21 [ORGO] CANDLE BUILDING: RED | Vol: 17,797 / 100,000 (18%) | O=6.12 C=5.86
16:26:21 [ORGO] LAST COMPLETED CANDLE: GREEN | Vol: 21,792 <✗ 100,000 | Green candles with vol: 0/1 needed
16:26:22 [ORGO] QUOTE: $5.8018 vol=5,444 | filter: $1.00-$20.00
16:26:22 [ORGO] CANDLE BUILDING: RED | Vol: 23,241 / 100,000 (23%) | O=6.12 C=5.80
16:26:22 [ORGO] LAST COMPLETED CANDLE: GREEN | Vol: 21,792 <✗ 100,000 | Green candles with vol: 0/1 needed
16:26:22 [ORGO] QUOTE: $5.8018 vol=5,444 | filter: $1.00-$20.00
16:26:22 [ORGO] CANDLE BUILDING: RED | Vol: 23,241 / 100,000 (23%) | O=6.12 C=5.80
16:26:22 [ORGO] LAST COMPLETED CANDLE: GREEN | Vol: 21,792 <✗ 100,000 | Green candles with vol: 0/1 needed
16:26:27 [ORGO] QUOTE: $5.8018 vol=5,444 | filter: $1.00-$20.00
16:26:27 [ORGO] CANDLE BUILDING: RED | Vol: 28,685 / 100,000 (29%) | O=6.12 C=5.80
16:26:27 [ORGO] LAST COMPLETED CANDLE: GREEN | Vol: 21,792 <✗ 100,000 | Green candles with vol: 0/1 needed
16:26:27 [ORGO] QUOTE: $5.8018 vol=5,444 | filter: $1.00-$20.00
16:26:27 [ORGO] CANDLE BUILDING: RED | Vol: 28,685 / 100,000 (29%) | O=6.12 C=5.80
16:26:27 [ORGO] LAST COMPLETED CANDLE: GREEN | Vol: 21,792 <✗ 100,000 | Green candles with vol: 0/1 needed
16:26:27 [ORGO] QUOTE: $6.0000 vol=700 | filter: $1.00-$20.00
16:26:27 [ORGO] CANDLE BUILDING: RED | Vol: 29,385 / 100,000 (29%) | O=6.12 C=6.00
16:26:27 [ORGO] LAST COMPLETED CANDLE: GREEN | Vol: 21,792 <✗ 100,000 | Green candles with vol: 0/1 needed
16:26:27 [ORGO] QUOTE: $6.0000 vol=700 | filter: $1.00-$20.00
16:26:27 [ORGO] CANDLE BUILDING: RED | Vol: 29,385 / 100,000 (29%) | O=6.12 C=6.00
16:26:27 [ORGO] LAST COMPLETED CANDLE: GREEN | Vol: 21,792 <✗ 100,000 | Green candles with vol: 0/1 needed
16:26:27 [ORGO] QUOTE: $6.0000 vol=700 | filter: $1.00-$20.00
16:26:27 [ORGO] CANDLE BUILDING: RED | Vol: 30,085 / 100,000 (30%) | O=6.12 C=6.00
16:26:27 [ORGO] LAST COMPLETED CANDLE: GREEN | Vol: 21,792 <✗ 100,000 | Green candles with vol: 0/1 needed
16:26:27 [ORGO] QUOTE: $6.0000 vol=700 | filter: $1.00-$20.00
16:26:27 [ORGO] CANDLE BUILDING: RED | Vol: 30,085 / 100,000 (30%) | O=6.12 C=6.00
16:26:27 [ORGO] LAST COMPLETED CANDLE: GREEN | Vol: 21,792 <✗ 100,000 | Green candles with vol: 0/1 needed
16:26:27 [ORGO] QUOTE: $5.9700 vol=200 | filter: $1.00-$20.00
16:26:27 [ORGO] CANDLE BUILDING: RED | Vol: 30,285 / 100,000 (30%) | O=6.12 C=5.97
16:26:27 [ORGO] LAST COMPLETED CANDLE: GREEN | Vol: 21,792 <✗ 100,000 | Green candles with vol: 0/1 needed
16:26:27 [ORGO] QUOTE: $5.9700 vol=200 | filter: $1.00-$20.00
16:26:27 [ORGO] CANDLE BUILDING: RED | Vol: 30,285 / 100,000 (30%) | O=6.12 C=5.97
16:26:27 [ORGO] LAST COMPLETED CANDLE: GREEN | Vol: 21,792 <✗ 100,000 | Green candles with vol: 0/1 needed
16:26:29 [ORGO] QUOTE: $5.9400 vol=482 | filter: $1.00-$20.00
16:26:29 [ORGO] CANDLE BUILDING: RED | Vol: 30,767 / 100,000 (31%) | O=6.12 C=5.94
16:26:29 [ORGO] LAST COMPLETED CANDLE: GREEN | Vol: 21,792 <✗ 100,000 | Green candles with vol: 0/1 needed
16:26:29 [ORGO] QUOTE: $5.9400 vol=482 | filter: $1.00-$20.00
16:26:29 [ORGO] CANDLE BUILDING: RED | Vol: 30,767 / 100,000 (31%) | O=6.12 C=5.94
16:26:29 [ORGO] LAST COMPLETED CANDLE: GREEN | Vol: 21,792 <✗ 100,000 | Green candles with vol: 0/1 needed
16:26:30 [ORGO] QUOTE: $5.9400 vol=482 | filter: $1.00-$20.00
16:26:30 [ORGO] CANDLE BUILDING: RED | Vol: 31,249 / 100,000 (31%) | O=6.12 C=5.94
16:26:30 [ORGO] LAST COMPLETED CANDLE: GREEN | Vol: 21,792 <✗ 100,000 | Green candles with vol: 0/1 needed
16:26:30 [ORGO] QUOTE: $5.9400 vol=482 | filter: $1.00-$20.00
16:26:30 [ORGO] CANDLE BUILDING: RED | Vol: 31,249 / 100,000 (31%) | O=6.12 C=5.94
16:26:30 [ORGO] LAST COMPLETED CANDLE: GREEN | Vol: 21,792 <✗ 100,000 | Green candles with vol: 0/1 needed
16:26:30 [ORGO] QUOTE: $5.9100 vol=300 | filter: $1.00-$20.00
16:26:30 [ORGO] CANDLE BUILDING: RED | Vol: 31,549 / 100,000 (32%) | O=6.12 C=5.91
16:26:30 [ORGO] LAST COMPLETED CANDLE: GREEN | Vol: 21,792 <✗ 100,000 | Green candles with vol: 0/1 needed
16:26:30 [ORGO] QUOTE: $5.9100 vol=300 | filter: $1.00-$20.00
16:26:30 [ORGO] CANDLE BUILDING: RED | Vol: 31,549 / 100,000 (32%) | O=6.12 C=5.91
16:26:30 [ORGO] LAST COMPLETED CANDLE: GREEN | Vol: 21,792 <✗ 100,000 | Green candles with vol: 0/1 needed
16:26:30 [ORGO] QUOTE: $5.9110 vol=403 | filter: $1.00-$20.00
16:26:30 [ORGO] CANDLE BUILDING: RED | Vol: 31,952 / 100,000 (32%) | O=6.12 C=5.91
16:26:30 [ORGO] LAST COMPLETED CANDLE: GREEN | Vol: 21,792 <✗ 100,000 | Green candles with vol: 0/1 needed
16:26:30 [ORGO] QUOTE: $5.9110 vol=403 | filter: $1.00-$20.00
16:26:30 [ORGO] CANDLE BUILDING: RED | Vol: 31,952 / 100,000 (32%) | O=6.12 C=5.91
16:26:30 [ORGO] LAST COMPLETED CANDLE: GREEN | Vol: 21,792 <✗ 100,000 | Green candles with vol: 0/1 needed
16:26:30 [ORGO] QUOTE: $5.9110 vol=403 | filter: $1.00-$20.00
16:26:30 [ORGO] CANDLE BUILDING: RED | Vol: 32,355 / 100,000 (32%) | O=6.12 C=5.91
16:26:30 [ORGO] LAST COMPLETED CANDLE: GREEN | Vol: 21,792 <✗ 100,000 | Green candles with vol: 0/1 needed
16:26:30 [ORGO] QUOTE: $5.9110 vol=403 | filter: $1.00-$20.00
16:26:30 [ORGO] CANDLE BUILDING: RED | Vol: 32,355 / 100,000 (32%) | O=6.12 C=5.91
16:26:30 [ORGO] LAST COMPLETED CANDLE: GREEN | Vol: 21,792 <✗ 100,000 | Green candles with vol: 0/1 needed
16:26:30 [ORGO] QUOTE: $5.9100 vol=100 | filter: $1.00-$20.00
16:26:30 [ORGO] CANDLE BUILDING: RED | Vol: 32,455 / 100,000 (32%) | O=6.12 C=5.91
16:26:30 [ORGO] LAST COMPLETED CANDLE: GREEN | Vol: 21,792 <✗ 100,000 | Green candles with vol: 0/1 needed
16:26:30 [ORGO] QUOTE: $5.9100 vol=100 | filter: $1.00-$20.00
16:26:30 [ORGO] CANDLE BUILDING: RED | Vol: 32,455 / 100,000 (32%) | O=6.12 C=5.91
16:26:30 [ORGO] LAST COMPLETED CANDLE: GREEN | Vol: 21,792 <✗ 100,000 | Green candles with vol: 0/1 needed
16:26:32 [ORGO] QUOTE: $5.9100 vol=100 | filter: $1.00-$20.00
16:26:32 [ORGO] CANDLE BUILDING: RED | Vol: 32,555 / 100,000 (33%) | O=6.12 C=5.91
16:26:32 [ORGO] LAST COMPLETED CANDLE: GREEN | Vol: 21,792 <✗ 100,000 | Green candles with vol: 0/1 needed
16:26:32 [ORGO] QUOTE: $5.9100 vol=100 | filter: $1.00-$20.00
16:26:32 [ORGO] CANDLE BUILDING: RED | Vol: 32,555 / 100,000 (33%) | O=6.12 C=5.91
16:26:32 [ORGO] LAST COMPLETED CANDLE: GREEN | Vol: 21,792 <✗ 100,000 | Green candles with vol: 0/1 needed
16:26:32 [ORGO] QUOTE: $5.9300 vol=1,800 | filter: $1.00-$20.00
16:26:32 [ORGO] CANDLE BUILDING: RED | Vol: 34,355 / 100,000 (34%) | O=6.12 C=5.93
16:26:32 [ORGO] LAST COMPLETED CANDLE: GREEN | Vol: 21,792 <✗ 100,000 | Green candles with vol: 0/1 needed
16:26:32 [ORGO] QUOTE: $5.9300 vol=1,800 | filter: $1.00-$20.00
16:26:32 [ORGO] CANDLE BUILDING: RED | Vol: 34,355 / 100,000 (34%) | O=6.12 C=5.93
16:26:32 [ORGO] LAST COMPLETED CANDLE: GREEN | Vol: 21,792 <✗ 100,000 | Green candles with vol: 0/1 needed
16:26:33 [ORGO] QUOTE: $5.9300 vol=1,800 | filter: $1.00-$20.00
16:26:33 [ORGO] CANDLE BUILDING: RED | Vol: 36,155 / 100,000 (36%) | O=6.12 C=5.93
16:26:33 [ORGO] LAST COMPLETED CANDLE: GREEN | Vol: 21,792 <✗ 100,000 | Green candles with vol: 0/1 needed
16:26:33 [ORGO] QUOTE: $5.9300 vol=1,800 | filter: $1.00-$20.00
16:26:33 [ORGO] CANDLE BUILDING: RED | Vol: 36,155 / 100,000 (36%) | O=6.12 C=5.93
16:26:33 [ORGO] LAST COMPLETED CANDLE: GREEN | Vol: 21,792 <✗ 100,000 | Green candles with vol: 0/1 needed
16:26:33 [ORGO] QUOTE: $5.9600 vol=835 | filter: $1.00-$20.00
16:26:33 [ORGO] CANDLE BUILDING: RED | Vol: 36,990 / 100,000 (37%) | O=6.12 C=5.96
16:26:33 [ORGO] LAST COMPLETED CANDLE: GREEN | Vol: 21,792 <✗ 100,000 | Green candles with vol: 0/1 needed
16:26:33 [ORGO] QUOTE: $5.9600 vol=835 | filter: $1.00-$20.00
16:26:33 [ORGO] CANDLE BUILDING: RED | Vol: 36,990 / 100,000 (37%) | O=6.12 C=5.96
16:26:33 [ORGO] LAST COMPLETED CANDLE: GREEN | Vol: 21,792 <✗ 100,000 | Green candles with vol: 0/1 needed
16:26:34 [ORGO] QUOTE: $5.9600 vol=835 | filter: $1.00-$20.00
16:26:34 [ORGO] CANDLE BUILDING: RED | Vol: 37,825 / 100,000 (38%) | O=6.12 C=5.96
16:26:34 [ORGO] LAST COMPLETED CANDLE: GREEN | Vol: 21,792 <✗ 100,000 | Green candles with vol: 0/1 needed
16:26:34 [ORGO] QUOTE: $5.9600 vol=835 | filter: $1.00-$20.00
16:26:34 [ORGO] CANDLE BUILDING: RED | Vol: 37,825 / 100,000 (38%) | O=6.12 C=5.96
16:26:34 [ORGO] LAST COMPLETED CANDLE: GREEN | Vol: 21,792 <✗ 100,000 | Green candles with vol: 0/1 needed
16:26:34 [ORGO] QUOTE: $5.8400 vol=100 | filter: $1.00-$20.00
16:26:34 [ORGO] CANDLE BUILDING: RED | Vol: 37,925 / 100,000 (38%) | O=6.12 C=5.84
16:26:34 [ORGO] LAST COMPLETED CANDLE: GREEN | Vol: 21,792 <✗ 100,000 | Green candles with vol: 0/1 needed
16:26:34 [ORGO] QUOTE: $5.8400 vol=100 | filter: $1.00-$20.00
16:26:34 [ORGO] CANDLE BUILDING: RED | Vol: 37,925 / 100,000 (38%) | O=6.12 C=5.84
16:26:34 [ORGO] LAST COMPLETED CANDLE: GREEN | Vol: 21,792 <✗ 100,000 | Green candles with vol: 0/1 needed
16:26:35 [ORGO] QUOTE: $5.8400 vol=100 | filter: $1.00-$20.00
16:26:35 [ORGO] CANDLE BUILDING: RED | Vol: 38,025 / 100,000 (38%) | O=6.12 C=5.84
16:26:35 [ORGO] LAST COMPLETED CANDLE: GREEN | Vol: 21,792 <✗ 100,000 | Green candles with vol: 0/1 needed
16:26:35 [ORGO] QUOTE: $5.8400 vol=100 | filter: $1.00-$20.00
16:26:35 [ORGO] CANDLE BUILDING: RED | Vol: 38,025 / 100,000 (38%) | O=6.12 C=5.84
16:26:35 [ORGO] LAST COMPLETED CANDLE: GREEN | Vol: 21,792 <✗ 100,000 | Green candles with vol: 0/1 needed
16:26:35 [ORGO] QUOTE: $5.9093 vol=151 | filter: $1.00-$20.00
16:26:35 [ORGO] CANDLE BUILDING: RED | Vol: 38,176 / 100,000 (38%) | O=6.12 C=5.91
16:26:35 [ORGO] LAST COMPLETED CANDLE: GREEN | Vol: 21,792 <✗ 100,000 | Green candles with vol: 0/1 needed
16:26:35 [ORGO] QUOTE: $5.9093 vol=151 | filter: $1.00-$20.00
16:26:35 [ORGO] CANDLE BUILDING: RED | Vol: 38,176 / 100,000 (38%) | O=6.12 C=5.91
16:26:35 [ORGO] LAST COMPLETED CANDLE: GREEN | Vol: 21,792 <✗ 100,000 | Green candles with vol: 0/1 needed
16:26:36 [ORGO] QUOTE: $5.9045 vol=272 | filter: $1.00-$20.00
16:26:36 [ORGO] CANDLE BUILDING: RED | Vol: 38,448 / 100,000 (38%) | O=6.12 C=5.90
16:26:36 [ORGO] LAST COMPLETED CANDLE: GREEN | Vol: 21,792 <✗ 100,000 | Green candles with vol: 0/1 needed
16:26:36 [ORGO] QUOTE: $5.9045 vol=272 | filter: $1.00-$20.00
16:26:36 [ORGO] CANDLE BUILDING: RED | Vol: 38,448 / 100,000 (38%) | O=6.12 C=5.90
16:26:36 [ORGO] LAST COMPLETED CANDLE: GREEN | Vol: 21,792 <✗ 100,000 | Green candles with vol: 0/1 needed
16:26:39 [ORGO] QUOTE: $5.9045 vol=272 | filter: $1.00-$20.00
16:26:39 [ORGO] CANDLE BUILDING: RED | Vol: 38,720 / 100,000 (39%) | O=6.12 C=5.90
16:26:39 [ORGO] LAST COMPLETED CANDLE: GREEN | Vol: 21,792 <✗ 100,000 | Green candles with vol: 0/1 needed
16:26:39 [ORGO] QUOTE: $5.9045 vol=272 | filter: $1.00-$20.00
16:26:39 [ORGO] CANDLE BUILDING: RED | Vol: 38,720 / 100,000 (39%) | O=6.12 C=5.90
16:26:39 [ORGO] LAST COMPLETED CANDLE: GREEN | Vol: 21,792 <✗ 100,000 | Green candles with vol: 0/1 needed
16:26:39 [ORGO] QUOTE: $5.9000 vol=226 | filter: $1.00-$20.00
16:26:39 [ORGO] CANDLE BUILDING: RED | Vol: 38,946 / 100,000 (39%) | O=6.12 C=5.90
16:26:39 [ORGO] LAST COMPLETED CANDLE: GREEN | Vol: 21,792 <✗ 100,000 | Green candles with vol: 0/1 needed
16:26:39 [ORGO] QUOTE: $5.9000 vol=226 | filter: $1.00-$20.00
16:26:39 [ORGO] CANDLE BUILDING: RED | Vol: 38,946 / 100,000 (39%) | O=6.12 C=5.90
16:26:39 [ORGO] LAST COMPLETED CANDLE: GREEN | Vol: 21,792 <✗ 100,000 | Green candles with vol: 0/1 needed
16:26:40 [ORGO] QUOTE: $5.9000 vol=226 | filter: $1.00-$20.00
16:26:40 [ORGO] CANDLE BUILDING: RED | Vol: 39,172 / 100,000 (39%) | O=6.12 C=5.90
16:26:40 [ORGO] LAST COMPLETED CANDLE: GREEN | Vol: 21,792 <✗ 100,000 | Green candles with vol: 0/1 needed
16:26:40 [ORGO] QUOTE: $5.9000 vol=226 | filter: $1.00-$20.00
16:26:40 [ORGO] CANDLE BUILDING: RED | Vol: 39,172 / 100,000 (39%) | O=6.12 C=5.90
16:26:40 [ORGO] LAST COMPLETED CANDLE: GREEN | Vol: 21,792 <✗ 100,000 | Green candles with vol: 0/1 needed
16:26:40 [ORGO] QUOTE: $5.8400 vol=137 | filter: $1.00-$20.00
16:26:40 [ORGO] CANDLE BUILDING: RED | Vol: 39,309 / 100,000 (39%) | O=6.12 C=5.84
16:26:40 [ORGO] LAST COMPLETED CANDLE: GREEN | Vol: 21,792 <✗ 100,000 | Green candles with vol: 0/1 needed
16:26:40 [ORGO] QUOTE: $5.8400 vol=137 | filter: $1.00-$20.00
16:26:40 [ORGO] CANDLE BUILDING: RED | Vol: 39,309 / 100,000 (39%) | O=6.12 C=5.84
16:26:40 [ORGO] LAST COMPLETED CANDLE: GREEN | Vol: 21,792 <✗ 100,000 | Green candles with vol: 0/1 needed
16:26:41 [ORGO] QUOTE: $5.8800 vol=273 | filter: $1.00-$20.00
16:26:41 [ORGO] CANDLE BUILDING: RED | Vol: 39,582 / 100,000 (40%) | O=6.12 C=5.88
16:26:41 [ORGO] LAST COMPLETED CANDLE: GREEN | Vol: 21,792 <✗ 100,000 | Green candles with vol: 0/1 needed
16:26:41 [ORGO] QUOTE: $5.8800 vol=273 | filter: $1.00-$20.00
16:26:41 [ORGO] CANDLE BUILDING: RED | Vol: 39,582 / 100,000 (40%) | O=6.12 C=5.88
16:26:41 [ORGO] LAST COMPLETED CANDLE: GREEN | Vol: 21,792 <✗ 100,000 | Green candles with vol: 0/1 needed
16:26:41 [ORGO] QUOTE: $5.8800 vol=273 | filter: $1.00-$20.00
16:26:41 [ORGO] CANDLE BUILDING: RED | Vol: 39,855 / 100,000 (40%) | O=6.12 C=5.88
16:26:41 [ORGO] LAST COMPLETED CANDLE: GREEN | Vol: 21,792 <✗ 100,000 | Green candles with vol: 0/1 needed
16:26:41 [ORGO] QUOTE: $5.8800 vol=273 | filter: $1.00-$20.00
16:26:41 [ORGO] CANDLE BUILDING: RED | Vol: 39,855 / 100,000 (40%) | O=6.12 C=5.88
16:26:41 [ORGO] LAST COMPLETED CANDLE: GREEN | Vol: 21,792 <✗ 100,000 | Green candles with vol: 0/1 needed
16:26:41 [ORGO] QUOTE: $5.9000 vol=111 | filter: $1.00-$20.00
16:26:41 [ORGO] CANDLE BUILDING: RED | Vol: 39,966 / 100,000 (40%) | O=6.12 C=5.90
16:26:41 [ORGO] LAST COMPLETED CANDLE: GREEN | Vol: 21,792 <✗ 100,000 | Green candles with vol: 0/1 needed
16:26:41 [ORGO] QUOTE: $5.9000 vol=111 | filter: $1.00-$20.00
16:26:41 [ORGO] CANDLE BUILDING: RED | Vol: 39,966 / 100,000 (40%) | O=6.12 C=5.90
16:26:41 [ORGO] LAST COMPLETED CANDLE: GREEN | Vol: 21,792 <✗ 100,000 | Green candles with vol: 0/1 needed
16:26:43 [ORGO] QUOTE: $5.9000 vol=111 | filter: $1.00-$20.00
16:26:43 [ORGO] CANDLE BUILDING: RED | Vol: 40,077 / 100,000 (40%) | O=6.12 C=5.90
16:26:43 [ORGO] LAST COMPLETED CANDLE: GREEN | Vol: 21,792 <✗ 100,000 | Green candles with vol: 0/1 needed
16:26:43 [ORGO] QUOTE: $5.9000 vol=111 | filter: $1.00-$20.00
16:26:43 [ORGO] CANDLE BUILDING: RED | Vol: 40,077 / 100,000 (40%) | O=6.12 C=5.90
16:26:43 [ORGO] LAST COMPLETED CANDLE: GREEN | Vol: 21,792 <✗ 100,000 | Green candles with vol: 0/1 needed
16:26:43 [ORGO] QUOTE: $5.8600 vol=100 | filter: $1.00-$20.00
16:26:43 [ORGO] CANDLE BUILDING: RED | Vol: 40,177 / 100,000 (40%) | O=6.12 C=5.86
16:26:43 [ORGO] LAST COMPLETED CANDLE: GREEN | Vol: 21,792 <✗ 100,000 | Green candles with vol: 0/1 needed
16:26:43 [ORGO] QUOTE: $5.8600 vol=100 | filter: $1.00-$20.00
16:26:43 [ORGO] CANDLE BUILDING: RED | Vol: 40,177 / 100,000 (40%) | O=6.12 C=5.86
16:26:43 [ORGO] LAST COMPLETED CANDLE: GREEN | Vol: 21,792 <✗ 100,000 | Green candles with vol: 0/1 needed
16:26:44 [ORGO] QUOTE: $5.8800 vol=700 | filter: $1.00-$20.00
16:26:44 [ORGO] CANDLE BUILDING: RED | Vol: 40,877 / 100,000 (41%) | O=6.12 C=5.88
16:26:44 [ORGO] LAST COMPLETED CANDLE: GREEN | Vol: 21,792 <✗ 100,000 | Green candles with vol: 0/1 needed
16:26:44 [ORGO] QUOTE: $5.8800 vol=700 | filter: $1.00-$20.00
16:26:44 [ORGO] CANDLE BUILDING: RED | Vol: 40,877 / 100,000 (41%) | O=6.12 C=5.88
16:26:44 [ORGO] LAST COMPLETED CANDLE: GREEN | Vol: 21,792 <✗ 100,000 | Green candles with vol: 0/1 needed
16:26:44 [ORGO] QUOTE: $5.8800 vol=700 | filter: $1.00-$20.00
16:26:44 [ORGO] CANDLE BUILDING: RED | Vol: 41,577 / 100,000 (42%) | O=6.12 C=5.88
16:26:44 [ORGO] LAST COMPLETED CANDLE: GREEN | Vol: 21,792 <✗ 100,000 | Green candles with vol: 0/1 needed
16:26:44 [ORGO] QUOTE: $5.8800 vol=700 | filter: $1.00-$20.00
16:26:44 [ORGO] CANDLE BUILDING: RED | Vol: 41,577 / 100,000 (42%) | O=6.12 C=5.88
16:26:44 [ORGO] LAST COMPLETED CANDLE: GREEN | Vol: 21,792 <✗ 100,000 | Green candles with vol: 0/1 needed
16:26:44 [ORGO] QUOTE: $5.8460 vol=200 | filter: $1.00-$20.00
16:26:44 [ORGO] CANDLE BUILDING: RED | Vol: 41,777 / 100,000 (42%) | O=6.12 C=5.85
16:26:44 [ORGO] LAST COMPLETED CANDLE: GREEN | Vol: 21,792 <✗ 100,000 | Green candles with vol: 0/1 needed
16:26:44 [ORGO] QUOTE: $5.8460 vol=200 | filter: $1.00-$20.00
16:26:44 [ORGO] CANDLE BUILDING: RED | Vol: 41,777 / 100,000 (42%) | O=6.12 C=5.85
16:26:44 [ORGO] LAST COMPLETED CANDLE: GREEN | Vol: 21,792 <✗ 100,000 | Green candles with vol: 0/1 needed
16:26:45 [ORGO] QUOTE: $5.8500 vol=1,500 | filter: $1.00-$20.00
16:26:45 [ORGO] CANDLE BUILDING: RED | Vol: 43,277 / 100,000 (43%) | O=6.12 C=5.85
16:26:45 [ORGO] LAST COMPLETED CANDLE: GREEN | Vol: 21,792 <✗ 100,000 | Green candles with vol: 0/1 needed
16:26:45 [ORGO] QUOTE: $5.8500 vol=1,500 | filter: $1.00-$20.00
16:26:45 [ORGO] CANDLE BUILDING: RED | Vol: 43,277 / 100,000 (43%) | O=6.12 C=5.85
16:26:45 [ORGO] LAST COMPLETED CANDLE: GREEN | Vol: 21,792 <✗ 100,000 | Green candles with vol: 0/1 needed
16:26:45 [ORGO] QUOTE: $5.8500 vol=1,500 | filter: $1.00-$20.00
16:26:45 [ORGO] CANDLE BUILDING: RED | Vol: 44,777 / 100,000 (45%) | O=6.12 C=5.85
16:26:45 [ORGO] LAST COMPLETED CANDLE: GREEN | Vol: 21,792 <✗ 100,000 | Green candles with vol: 0/1 needed
16:26:45 [ORGO] QUOTE: $5.8500 vol=1,500 | filter: $1.00-$20.00
16:26:45 [ORGO] CANDLE BUILDING: RED | Vol: 44,777 / 100,000 (45%) | O=6.12 C=5.85
16:26:45 [ORGO] LAST COMPLETED CANDLE: GREEN | Vol: 21,792 <✗ 100,000 | Green candles with vol: 0/1 needed
16:26:45 [ORGO] QUOTE: $5.8300 vol=500 | filter: $1.00-$20.00
16:26:45 [ORGO] CANDLE BUILDING: RED | Vol: 45,277 / 100,000 (45%) | O=6.12 C=5.83
16:26:45 [ORGO] LAST COMPLETED CANDLE: GREEN | Vol: 21,792 <✗ 100,000 | Green candles with vol: 0/1 needed
16:26:45 [ORGO] QUOTE: $5.8300 vol=500 | filter: $1.00-$20.00
16:26:45 [ORGO] CANDLE BUILDING: RED | Vol: 45,277 / 100,000 (45%) | O=6.12 C=5.83
16:26:45 [ORGO] LAST COMPLETED CANDLE: GREEN | Vol: 21,792 <✗ 100,000 | Green candles with vol: 0/1 needed
16:26:46 [ORGO] QUOTE: $5.8400 vol=945 | filter: $1.00-$20.00
16:26:46 [ORGO] CANDLE BUILDING: RED | Vol: 46,222 / 100,000 (46%) | O=6.12 C=5.84
16:26:46 [ORGO] LAST COMPLETED CANDLE: GREEN | Vol: 21,792 <✗ 100,000 | Green candles with vol: 0/1 needed
16:26:46 [ORGO] QUOTE: $5.8400 vol=945 | filter: $1.00-$20.00
16:26:46 [ORGO] CANDLE BUILDING: RED | Vol: 46,222 / 100,000 (46%) | O=6.12 C=5.84
16:26:46 [ORGO] LAST COMPLETED CANDLE: GREEN | Vol: 21,792 <✗ 100,000 | Green candles with vol: 0/1 needed
16:26:46 [ORGO] QUOTE: $5.8400 vol=945 | filter: $1.00-$20.00
16:26:46 [ORGO] CANDLE BUILDING: RED | Vol: 47,167 / 100,000 (47%) | O=6.12 C=5.84
16:26:46 [ORGO] LAST COMPLETED CANDLE: GREEN | Vol: 21,792 <✗ 100,000 | Green candles with vol: 0/1 needed
16:26:46 [ORGO] QUOTE: $5.8400 vol=945 | filter: $1.00-$20.00
16:26:46 [ORGO] CANDLE BUILDING: RED | Vol: 47,167 / 100,000 (47%) | O=6.12 C=5.84
16:26:46 [ORGO] LAST COMPLETED CANDLE: GREEN | Vol: 21,792 <✗ 100,000 | Green candles with vol: 0/1 needed
16:26:46 [ORGO] QUOTE: $5.7200 vol=100 | filter: $1.00-$20.00
16:26:46 [ORGO] CANDLE BUILDING: RED | Vol: 47,267 / 100,000 (47%) | O=6.12 C=5.72
16:26:46 [ORGO] LAST COMPLETED CANDLE: GREEN | Vol: 21,792 <✗ 100,000 | Green candles with vol: 0/1 needed
16:26:46 [ORGO] QUOTE: $5.7200 vol=100 | filter: $1.00-$20.00
16:26:46 [ORGO] CANDLE BUILDING: RED | Vol: 47,267 / 100,000 (47%) | O=6.12 C=5.72
16:26:46 [ORGO] LAST COMPLETED CANDLE: GREEN | Vol: 21,792 <✗ 100,000 | Green candles with vol: 0/1 needed
16:26:47 [ORGO] QUOTE: $5.7200 vol=100 | filter: $1.00-$20.00
16:26:47 [ORGO] CANDLE BUILDING: RED | Vol: 47,367 / 100,000 (47%) | O=6.12 C=5.72
16:26:47 [ORGO] LAST COMPLETED CANDLE: GREEN | Vol: 21,792 <✗ 100,000 | Green candles with vol: 0/1 needed
16:26:47 [ORGO] QUOTE: $5.7200 vol=100 | filter: $1.00-$20.00
16:26:47 [ORGO] CANDLE BUILDING: RED | Vol: 47,367 / 100,000 (47%) | O=6.12 C=5.72
16:26:47 [ORGO] LAST COMPLETED CANDLE: GREEN | Vol: 21,792 <✗ 100,000 | Green candles with vol: 0/1 needed
16:26:47 [ORGO] QUOTE: $5.8400 vol=500 | filter: $1.00-$20.00
16:26:47 [ORGO] CANDLE BUILDING: RED | Vol: 47,867 / 100,000 (48%) | O=6.12 C=5.84
16:26:47 [ORGO] LAST COMPLETED CANDLE: GREEN | Vol: 21,792 <✗ 100,000 | Green candles with vol: 0/1 needed
16:26:47 [ORGO] QUOTE: $5.8400 vol=500 | filter: $1.00-$20.00
16:26:47 [ORGO] CANDLE BUILDING: RED | Vol: 47,867 / 100,000 (48%) | O=6.12 C=5.84
16:26:47 [ORGO] LAST COMPLETED CANDLE: GREEN | Vol: 21,792 <✗ 100,000 | Green candles with vol: 0/1 needed
16:26:49 [ORGO] QUOTE: $5.8400 vol=500 | filter: $1.00-$20.00
16:26:49 [ORGO] CANDLE BUILDING: RED | Vol: 48,367 / 100,000 (48%) | O=6.12 C=5.84
16:26:49 [ORGO] LAST COMPLETED CANDLE: GREEN | Vol: 21,792 <✗ 100,000 | Green candles with vol: 0/1 needed
16:26:49 [ORGO] QUOTE: $5.8400 vol=500 | filter: $1.00-$20.00
16:26:49 [ORGO] CANDLE BUILDING: RED | Vol: 48,367 / 100,000 (48%) | O=6.12 C=5.84
16:26:49 [ORGO] LAST COMPLETED CANDLE: GREEN | Vol: 21,792 <✗ 100,000 | Green candles with vol: 0/1 needed
16:26:49 [ORGO] QUOTE: $5.8000 vol=100 | filter: $1.00-$20.00
16:26:49 [ORGO] CANDLE BUILDING: RED | Vol: 48,467 / 100,000 (48%) | O=6.12 C=5.80
16:26:49 [ORGO] LAST COMPLETED CANDLE: GREEN | Vol: 21,792 <✗ 100,000 | Green candles with vol: 0/1 needed
16:26:49 [ORGO] QUOTE: $5.8000 vol=100 | filter: $1.00-$20.00
16:26:49 [ORGO] CANDLE BUILDING: RED | Vol: 48,467 / 100,000 (48%) | O=6.12 C=5.80
16:26:49 [ORGO] LAST COMPLETED CANDLE: GREEN | Vol: 21,792 <✗ 100,000 | Green candles with vol: 0/1 needed
16:26:50 [ORGO] QUOTE: $5.8000 vol=350 | filter: $1.00-$20.00
16:26:50 [ORGO] CANDLE BUILDING: RED | Vol: 48,817 / 100,000 (49%) | O=6.12 C=5.80
16:26:50 [ORGO] LAST COMPLETED CANDLE: GREEN | Vol: 21,792 <✗ 100,000 | Green candles with vol: 0/1 needed
16:26:50 [ORGO] QUOTE: $5.8000 vol=350 | filter: $1.00-$20.00
16:26:50 [ORGO] CANDLE BUILDING: RED | Vol: 48,817 / 100,000 (49%) | O=6.12 C=5.80
16:26:50 [ORGO] LAST COMPLETED CANDLE: GREEN | Vol: 21,792 <✗ 100,000 | Green candles with vol: 0/1 needed
16:26:50 [ORGO] QUOTE: $5.8000 vol=350 | filter: $1.00-$20.00
16:26:50 [ORGO] CANDLE BUILDING: RED | Vol: 49,167 / 100,000 (49%) | O=6.12 C=5.80
16:26:50 [ORGO] LAST COMPLETED CANDLE: GREEN | Vol: 21,792 <✗ 100,000 | Green candles with vol: 0/1 needed
16:26:50 [ORGO] QUOTE: $5.8000 vol=350 | filter: $1.00-$20.00
16:26:50 [ORGO] CANDLE BUILDING: RED | Vol: 49,167 / 100,000 (49%) | O=6.12 C=5.80
16:26:50 [ORGO] LAST COMPLETED CANDLE: GREEN | Vol: 21,792 <✗ 100,000 | Green candles with vol: 0/1 needed
16:26:50 [ORGO] QUOTE: $5.7700 vol=125 | filter: $1.00-$20.00
16:26:50 [ORGO] CANDLE BUILDING: RED | Vol: 49,292 / 100,000 (49%) | O=6.12 C=5.77
16:26:50 [ORGO] LAST COMPLETED CANDLE: GREEN | Vol: 21,792 <✗ 100,000 | Green candles with vol: 0/1 needed
16:26:50 [ORGO] QUOTE: $5.7700 vol=125 | filter: $1.00-$20.00
16:26:50 [ORGO] CANDLE BUILDING: RED | Vol: 49,292 / 100,000 (49%) | O=6.12 C=5.77
16:26:50 [ORGO] LAST COMPLETED CANDLE: GREEN | Vol: 21,792 <✗ 100,000 | Green candles with vol: 0/1 needed
16:26:51 [ORGO] QUOTE: $5.7200 vol=250 | filter: $1.00-$20.00
16:26:51 [ORGO] CANDLE BUILDING: RED | Vol: 49,542 / 100,000 (50%) | O=6.12 C=5.72
16:26:51 [ORGO] LAST COMPLETED CANDLE: GREEN | Vol: 21,792 <✗ 100,000 | Green candles with vol: 0/1 needed
16:26:51 [ORGO] QUOTE: $5.7200 vol=250 | filter: $1.00-$20.00
16:26:51 [ORGO] CANDLE BUILDING: RED | Vol: 49,542 / 100,000 (50%) | O=6.12 C=5.72
16:26:51 [ORGO] LAST COMPLETED CANDLE: GREEN | Vol: 21,792 <✗ 100,000 | Green candles with vol: 0/1 needed
16:26:53 [ORGO] QUOTE: $5.7200 vol=250 | filter: $1.00-$20.00
16:26:53 [ORGO] CANDLE BUILDING: RED | Vol: 49,792 / 100,000 (50%) | O=6.12 C=5.72
16:26:53 [ORGO] LAST COMPLETED CANDLE: GREEN | Vol: 21,792 <✗ 100,000 | Green candles with vol: 0/1 needed
16:26:53 [ORGO] QUOTE: $5.7200 vol=250 | filter: $1.00-$20.00
16:26:53 [ORGO] CANDLE BUILDING: RED | Vol: 49,792 / 100,000 (50%) | O=6.12 C=5.72
16:26:53 [ORGO] LAST COMPLETED CANDLE: GREEN | Vol: 21,792 <✗ 100,000 | Green candles with vol: 0/1 needed
16:26:53 [ORGO] QUOTE: $5.7107 vol=237 | filter: $1.00-$20.00
16:26:53 [ORGO] CANDLE BUILDING: RED | Vol: 50,029 / 100,000 (50%) | O=6.12 C=5.71
16:26:53 [ORGO] LAST COMPLETED CANDLE: GREEN | Vol: 21,792 <✗ 100,000 | Green candles with vol: 0/1 needed
16:26:53 [ORGO] QUOTE: $5.7107 vol=237 | filter: $1.00-$20.00
16:26:53 [ORGO] CANDLE BUILDING: RED | Vol: 50,029 / 100,000 (50%) | O=6.12 C=5.71
16:26:53 [ORGO] LAST COMPLETED CANDLE: GREEN | Vol: 21,792 <✗ 100,000 | Green candles with vol: 0/1 needed
16:26:54 [ORGO] QUOTE: $5.7107 vol=237 | filter: $1.00-$20.00
16:26:54 [ORGO] CANDLE BUILDING: RED | Vol: 50,266 / 100,000 (50%) | O=6.12 C=5.71
16:26:54 [ORGO] LAST COMPLETED CANDLE: GREEN | Vol: 21,792 <✗ 100,000 | Green candles with vol: 0/1 needed
16:26:54 [ORGO] QUOTE: $5.7107 vol=237 | filter: $1.00-$20.00
16:26:54 [ORGO] CANDLE BUILDING: RED | Vol: 50,266 / 100,000 (50%) | O=6.12 C=5.71
16:26:54 [ORGO] LAST COMPLETED CANDLE: GREEN | Vol: 21,792 <✗ 100,000 | Green candles with vol: 0/1 needed
16:26:54 [ORGO] QUOTE: $5.7100 vol=200 | filter: $1.00-$20.00
16:26:54 [ORGO] CANDLE BUILDING: RED | Vol: 50,466 / 100,000 (50%) | O=6.12 C=5.71
16:26:54 [ORGO] LAST COMPLETED CANDLE: GREEN | Vol: 21,792 <✗ 100,000 | Green candles with vol: 0/1 needed
16:26:54 [ORGO] QUOTE: $5.7100 vol=200 | filter: $1.00-$20.00
16:26:54 [ORGO] CANDLE BUILDING: RED | Vol: 50,466 / 100,000 (50%) | O=6.12 C=5.71
16:26:54 [ORGO] LAST COMPLETED CANDLE: GREEN | Vol: 21,792 <✗ 100,000 | Green candles with vol: 0/1 needed
16:26:55 [ORGO] QUOTE: $5.7100 vol=725 | filter: $1.00-$20.00
16:26:55 [ORGO] CANDLE BUILDING: RED | Vol: 51,191 / 100,000 (51%) | O=6.12 C=5.71
16:26:55 [ORGO] LAST COMPLETED CANDLE: GREEN | Vol: 21,792 <✗ 100,000 | Green candles with vol: 0/1 needed
16:26:55 [ORGO] QUOTE: $5.7100 vol=725 | filter: $1.00-$20.00
16:26:55 [ORGO] CANDLE BUILDING: RED | Vol: 51,191 / 100,000 (51%) | O=6.12 C=5.71
16:26:55 [ORGO] LAST COMPLETED CANDLE: GREEN | Vol: 21,792 <✗ 100,000 | Green candles with vol: 0/1 needed
16:26:55 [ORGO] QUOTE: $5.7100 vol=725 | filter: $1.00-$20.00
16:26:55 [ORGO] CANDLE BUILDING: RED | Vol: 51,916 / 100,000 (52%) | O=6.12 C=5.71
16:26:55 [ORGO] LAST COMPLETED CANDLE: GREEN | Vol: 21,792 <✗ 100,000 | Green candles with vol: 0/1 needed
16:26:55 [ORGO] QUOTE: $5.7100 vol=725 | filter: $1.00-$20.00
16:26:55 [ORGO] CANDLE BUILDING: RED | Vol: 51,916 / 100,000 (52%) | O=6.12 C=5.71
16:26:55 [ORGO] LAST COMPLETED CANDLE: GREEN | Vol: 21,792 <✗ 100,000 | Green candles with vol: 0/1 needed
16:26:55 [ORGO] QUOTE: $5.7100 vol=122 | filter: $1.00-$20.00
16:26:55 [ORGO] CANDLE BUILDING: RED | Vol: 52,038 / 100,000 (52%) | O=6.12 C=5.71
16:26:55 [ORGO] LAST COMPLETED CANDLE: GREEN | Vol: 21,792 <✗ 100,000 | Green candles with vol: 0/1 needed
16:26:55 [ORGO] QUOTE: $5.7100 vol=122 | filter: $1.00-$20.00
16:26:55 [ORGO] CANDLE BUILDING: RED | Vol: 52,038 / 100,000 (52%) | O=6.12 C=5.71
16:26:55 [ORGO] LAST COMPLETED CANDLE: GREEN | Vol: 21,792 <✗ 100,000 | Green candles with vol: 0/1 needed
16:26:56 [ORGO] QUOTE: $5.7000 vol=1,122 | filter: $1.00-$20.00
16:26:56 [ORGO] CANDLE BUILDING: RED | Vol: 53,160 / 100,000 (53%) | O=6.12 C=5.70
16:26:56 [ORGO] LAST COMPLETED CANDLE: GREEN | Vol: 21,792 <✗ 100,000 | Green candles with vol: 0/1 needed
16:26:56 [ORGO] QUOTE: $5.7000 vol=1,122 | filter: $1.00-$20.00
16:26:56 [ORGO] CANDLE BUILDING: RED | Vol: 53,160 / 100,000 (53%) | O=6.12 C=5.70
16:26:56 [ORGO] LAST COMPLETED CANDLE: GREEN | Vol: 21,792 <✗ 100,000 | Green candles with vol: 0/1 needed
16:26:56 [ORGO] QUOTE: $5.7000 vol=1,122 | filter: $1.00-$20.00
16:26:56 [ORGO] CANDLE BUILDING: RED | Vol: 54,282 / 100,000 (54%) | O=6.12 C=5.70
16:26:56 [ORGO] LAST COMPLETED CANDLE: GREEN | Vol: 21,792 <✗ 100,000 | Green candles with vol: 0/1 needed
16:26:56 [ORGO] QUOTE: $5.7000 vol=1,122 | filter: $1.00-$20.00
16:26:56 [ORGO] CANDLE BUILDING: RED | Vol: 54,282 / 100,000 (54%) | O=6.12 C=5.70
16:26:56 [ORGO] LAST COMPLETED CANDLE: GREEN | Vol: 21,792 <✗ 100,000 | Green candles with vol: 0/1 needed
16:26:56 [ORGO] QUOTE: $5.7000 vol=119 | filter: $1.00-$20.00
16:26:56 [ORGO] CANDLE BUILDING: RED | Vol: 54,401 / 100,000 (54%) | O=6.12 C=5.70
16:26:56 [ORGO] LAST COMPLETED CANDLE: GREEN | Vol: 21,792 <✗ 100,000 | Green candles with vol: 0/1 needed
16:26:56 [ORGO] QUOTE: $5.7000 vol=119 | filter: $1.00-$20.00
16:26:56 [ORGO] CANDLE BUILDING: RED | Vol: 54,401 / 100,000 (54%) | O=6.12 C=5.70
16:26:56 [ORGO] LAST COMPLETED CANDLE: GREEN | Vol: 21,792 <✗ 100,000 | Green candles with vol: 0/1 needed
16:26:57 [ORGO] QUOTE: $5.7000 vol=119 | filter: $1.00-$20.00
16:26:57 [ORGO] CANDLE BUILDING: RED | Vol: 54,520 / 100,000 (55%) | O=6.12 C=5.70
16:26:57 [ORGO] LAST COMPLETED CANDLE: GREEN | Vol: 21,792 <✗ 100,000 | Green candles with vol: 0/1 needed
16:26:57 [ORGO] QUOTE: $5.7000 vol=119 | filter: $1.00-$20.00
16:26:57 [ORGO] CANDLE BUILDING: RED | Vol: 54,520 / 100,000 (55%) | O=6.12 C=5.70
16:26:57 [ORGO] LAST COMPLETED CANDLE: GREEN | Vol: 21,792 <✗ 100,000 | Green candles with vol: 0/1 needed
16:26:57 [ORGO] QUOTE: $5.7000 vol=200 | filter: $1.00-$20.00
16:26:57 [ORGO] CANDLE BUILDING: RED | Vol: 54,720 / 100,000 (55%) | O=6.12 C=5.70
16:26:57 [ORGO] LAST COMPLETED CANDLE: GREEN | Vol: 21,792 <✗ 100,000 | Green candles with vol: 0/1 needed
16:26:57 [ORGO] QUOTE: $5.7000 vol=200 | filter: $1.00-$20.00
16:26:57 [ORGO] CANDLE BUILDING: RED | Vol: 54,720 / 100,000 (55%) | O=6.12 C=5.70
16:26:57 [ORGO] LAST COMPLETED CANDLE: GREEN | Vol: 21,792 <✗ 100,000 | Green candles with vol: 0/1 needed
16:26:59 [ORGO] QUOTE: $5.7200 vol=800 | filter: $1.00-$20.00
16:26:59 [ORGO] CANDLE BUILDING: RED | Vol: 55,520 / 100,000 (56%) | O=6.12 C=5.72
16:26:59 [ORGO] LAST COMPLETED CANDLE: GREEN | Vol: 21,792 <✗ 100,000 | Green candles with vol: 0/1 needed
16:26:59 [ORGO] QUOTE: $5.7200 vol=800 | filter: $1.00-$20.00
16:26:59 [ORGO] CANDLE BUILDING: RED | Vol: 55,520 / 100,000 (56%) | O=6.12 C=5.72
16:26:59 [ORGO] LAST COMPLETED CANDLE: GREEN | Vol: 21,792 <✗ 100,000 | Green candles with vol: 0/1 needed
16:26:59 [ORGO] QUOTE: $5.7200 vol=800 | filter: $1.00-$20.00
16:26:59 [ORGO] CANDLE BUILDING: RED | Vol: 56,320 / 100,000 (56%) | O=6.12 C=5.72
16:26:59 [ORGO] LAST COMPLETED CANDLE: GREEN | Vol: 21,792 <✗ 100,000 | Green candles with vol: 0/1 needed
16:26:59 [ORGO] QUOTE: $5.7200 vol=800 | filter: $1.00-$20.00
16:26:59 [ORGO] CANDLE BUILDING: RED | Vol: 56,320 / 100,000 (56%) | O=6.12 C=5.72
16:26:59 [ORGO] LAST COMPLETED CANDLE: GREEN | Vol: 21,792 <✗ 100,000 | Green candles with vol: 0/1 needed
16:26:59 [ORGO] QUOTE: $5.7300 vol=440 | filter: $1.00-$20.00
16:26:59 [ORGO] CANDLE BUILDING: RED | Vol: 56,760 / 100,000 (57%) | O=6.12 C=5.73
16:26:59 [ORGO] LAST COMPLETED CANDLE: GREEN | Vol: 21,792 <✗ 100,000 | Green candles with vol: 0/1 needed
16:26:59 [ORGO] QUOTE: $5.7300 vol=440 | filter: $1.00-$20.00
16:26:59 [ORGO] CANDLE BUILDING: RED | Vol: 56,760 / 100,000 (57%) | O=6.12 C=5.73
16:26:59 [ORGO] LAST COMPLETED CANDLE: GREEN | Vol: 21,792 <✗ 100,000 | Green candles with vol: 0/1 needed
16:27:00 [ORGO] QUOTE: $5.7298 vol=540 | filter: $1.00-$20.00
16:27:00 [ORGO] CANDLE BUILDING: RED | Vol: 57,300 / 100,000 (57%) | O=6.12 C=5.73
16:27:00 [ORGO] LAST COMPLETED CANDLE: GREEN | Vol: 21,792 <✗ 100,000 | Green candles with vol: 0/1 needed
16:27:00 [ORGO] QUOTE: $5.7298 vol=540 | filter: $1.00-$20.00
16:27:00 [ORGO] CANDLE BUILDING: RED | Vol: 57,300 / 100,000 (57%) | O=6.12 C=5.73
16:27:00 [ORGO] LAST COMPLETED CANDLE: GREEN | Vol: 21,792 <✗ 100,000 | Green candles with vol: 0/1 needed
16:27:00 [ORGO] QUOTE: $5.7298 vol=540 | filter: $1.00-$20.00
16:27:00 [ORGO] CANDLE BUILDING: RED | Vol: 57,840 / 100,000 (58%) | O=6.12 C=5.73
16:27:00 [ORGO] LAST COMPLETED CANDLE: GREEN | Vol: 21,792 <✗ 100,000 | Green candles with vol: 0/1 needed
16:27:00 [ORGO] QUOTE: $5.7298 vol=540 | filter: $1.00-$20.00
16:27:00 [ORGO] CANDLE BUILDING: RED | Vol: 57,840 / 100,000 (58%) | O=6.12 C=5.73
16:27:00 [ORGO] LAST COMPLETED CANDLE: GREEN | Vol: 21,792 <✗ 100,000 | Green candles with vol: 0/1 needed
16:27:00 [ORGO] QUOTE: $5.7300 vol=100 | filter: $1.00-$20.00
16:27:00 
16:27:00 [ORGO] ━━━ CANDLE CLOSED ━━━
16:27:00 [ORGO] RED candle | O=6.12 H=6.17 L=5.61 C=5.73
16:27:00 [ORGO] Volume: 57,840 <✗ 100,000 threshold
16:27:00 [ORGO] Qualifies for entry: NO ✗
16:27:00 
16:27:00 [ORGO] CANDLE BUILDING: RED | Vol: 100 / 100,000 (0%) | O=5.73 C=5.73
16:27:00 [ORGO] LAST COMPLETED CANDLE: RED | Vol: 57,840 <✗ 100,000 | Green candles with vol: 0/1 needed
16:27:00 [ORGO] QUOTE: $5.7300 vol=100 | filter: $1.00-$20.00
16:27:00 
16:27:00 [ORGO] ━━━ CANDLE CLOSED ━━━
16:27:00 [ORGO] RED candle | O=6.12 H=6.17 L=5.61 C=5.73
16:27:00 [ORGO] Volume: 57,840 <✗ 100,000 threshold
16:27:00 [ORGO] Qualifies for entry: NO ✗
16:27:00 
16:27:00 [ORGO] CANDLE BUILDING: RED | Vol: 100 / 100,000 (0%) | O=5.73 C=5.73
16:27:00 [ORGO] LAST COMPLETED CANDLE: RED | Vol: 57,840 <✗ 100,000 | Green candles with vol: 0/1 needed
16:27:01 [ORGO] QUOTE: $5.7500 vol=1,298 | filter: $1.00-$20.00
16:27:01 [ORGO] CANDLE BUILDING: GREEN | Vol: 1,398 / 100,000 (1%) | O=5.73 C=5.75
16:27:01 [ORGO] LAST COMPLETED CANDLE: RED | Vol: 57,840 <✗ 100,000 | Green candles with vol: 0/1 needed
16:27:01 [ORGO] QUOTE: $5.7500 vol=1,298 | filter: $1.00-$20.00
16:27:01 [ORGO] CANDLE BUILDING: GREEN | Vol: 1,398 / 100,000 (1%) | O=5.73 C=5.75
16:27:01 [ORGO] LAST COMPLETED CANDLE: RED | Vol: 57,840 <✗ 100,000 | Green candles with vol: 0/1 needed
16:27:01 [ORGO] QUOTE: $5.7500 vol=1,298 | filter: $1.00-$20.00
16:27:01 [ORGO] CANDLE BUILDING: GREEN | Vol: 2,696 / 100,000 (3%) | O=5.73 C=5.75
16:27:01 [ORGO] LAST COMPLETED CANDLE: RED | Vol: 57,840 <✗ 100,000 | Green candles with vol: 0/1 needed
16:27:01 [ORGO] QUOTE: $5.7500 vol=1,298 | filter: $1.00-$20.00
16:27:01 [ORGO] CANDLE BUILDING: GREEN | Vol: 2,696 / 100,000 (3%) | O=5.73 C=5.75
16:27:01 [ORGO] LAST COMPLETED CANDLE: RED | Vol: 57,840 <✗ 100,000 | Green candles with vol: 0/1 needed
16:27:01 [ORGO] QUOTE: $5.7700 vol=505 | filter: $1.00-$20.00
16:27:01 [ORGO] CANDLE BUILDING: GREEN | Vol: 3,201 / 100,000 (3%) | O=5.73 C=5.77
16:27:01 [ORGO] LAST COMPLETED CANDLE: RED | Vol: 57,840 <✗ 100,000 | Green candles with vol: 0/1 needed
16:27:01 [ORGO] QUOTE: $5.7700 vol=505 | filter: $1.00-$20.00
16:27:01 [ORGO] CANDLE BUILDING: GREEN | Vol: 3,201 / 100,000 (3%) | O=5.73 C=5.77
16:27:01 [ORGO] LAST COMPLETED CANDLE: RED | Vol: 57,840 <✗ 100,000 | Green candles with vol: 0/1 needed
16:27:04 [ORGO] QUOTE: $5.7700 vol=505 | filter: $1.00-$20.00
16:27:04 [ORGO] CANDLE BUILDING: GREEN | Vol: 3,706 / 100,000 (4%) | O=5.73 C=5.77
16:27:04 [ORGO] LAST COMPLETED CANDLE: RED | Vol: 57,840 <✗ 100,000 | Green candles with vol: 0/1 needed
16:27:04 [ORGO] QUOTE: $5.7700 vol=505 | filter: $1.00-$20.00
16:27:04 [ORGO] CANDLE BUILDING: GREEN | Vol: 3,706 / 100,000 (4%) | O=5.73 C=5.77
16:27:04 [ORGO] LAST COMPLETED CANDLE: RED | Vol: 57,840 <✗ 100,000 | Green candles with vol: 0/1 needed
16:27:04 [ORGO] QUOTE: $5.7500 vol=150 | filter: $1.00-$20.00
16:27:04 [ORGO] CANDLE BUILDING: GREEN | Vol: 3,856 / 100,000 (4%) | O=5.73 C=5.75
16:27:04 [ORGO] LAST COMPLETED CANDLE: RED | Vol: 57,840 <✗ 100,000 | Green candles with vol: 0/1 needed
16:27:04 [ORGO] QUOTE: $5.7500 vol=150 | filter: $1.00-$20.00
16:27:04 [ORGO] CANDLE BUILDING: GREEN | Vol: 3,856 / 100,000 (4%) | O=5.73 C=5.75
16:27:04 [ORGO] LAST COMPLETED CANDLE: RED | Vol: 57,840 <✗ 100,000 | Green candles with vol: 0/1 needed
16:27:05 [ORGO] QUOTE: $5.7500 vol=150 | filter: $1.00-$20.00
16:27:05 [ORGO] CANDLE BUILDING: GREEN | Vol: 4,006 / 100,000 (4%) | O=5.73 C=5.75
16:27:05 [ORGO] LAST COMPLETED CANDLE: RED | Vol: 57,840 <✗ 100,000 | Green candles with vol: 0/1 needed
16:27:05 [ORGO] QUOTE: $5.7500 vol=150 | filter: $1.00-$20.00
16:27:05 [ORGO] CANDLE BUILDING: GREEN | Vol: 4,006 / 100,000 (4%) | O=5.73 C=5.75
16:27:05 [ORGO] LAST COMPLETED CANDLE: RED | Vol: 57,840 <✗ 100,000 | Green candles with vol: 0/1 needed
16:27:05 [ORGO] QUOTE: $5.7700 vol=157 | filter: $1.00-$20.00
16:27:05 [ORGO] CANDLE BUILDING: GREEN | Vol: 4,163 / 100,000 (4%) | O=5.73 C=5.77
16:27:05 [ORGO] LAST COMPLETED CANDLE: RED | Vol: 57,840 <✗ 100,000 | Green candles with vol: 0/1 needed
16:27:05 [ORGO] QUOTE: $5.7700 vol=157 | filter: $1.00-$20.00
16:27:05 [ORGO] CANDLE BUILDING: GREEN | Vol: 4,163 / 100,000 (4%) | O=5.73 C=5.77
16:27:05 [ORGO] LAST COMPLETED CANDLE: RED | Vol: 57,840 <✗ 100,000 | Green candles with vol: 0/1 needed
16:27:06 [ORGO] QUOTE: $5.7700 vol=257 | filter: $1.00-$20.00
16:27:06 [ORGO] CANDLE BUILDING: GREEN | Vol: 4,420 / 100,000 (4%) | O=5.73 C=5.77
16:27:06 [ORGO] LAST COMPLETED CANDLE: RED | Vol: 57,840 <✗ 100,000 | Green candles with vol: 0/1 needed
16:27:06 [ORGO] QUOTE: $5.7700 vol=257 | filter: $1.00-$20.00
16:27:06 [ORGO] CANDLE BUILDING: GREEN | Vol: 4,420 / 100,000 (4%) | O=5.73 C=5.77
16:27:06 [ORGO] LAST COMPLETED CANDLE: RED | Vol: 57,840 <✗ 100,000 | Green candles with vol: 0/1 needed
16:27:08 [ORGO] QUOTE: $5.7700 vol=257 | filter: $1.00-$20.00
16:27:08 [ORGO] CANDLE BUILDING: GREEN | Vol: 4,677 / 100,000 (5%) | O=5.73 C=5.77
16:27:08 [ORGO] LAST COMPLETED CANDLE: RED | Vol: 57,840 <✗ 100,000 | Green candles with vol: 0/1 needed
16:27:08 [ORGO] QUOTE: $5.7700 vol=257 | filter: $1.00-$20.00
16:27:08 [ORGO] CANDLE BUILDING: GREEN | Vol: 4,677 / 100,000 (5%) | O=5.73 C=5.77
16:27:08 [ORGO] LAST COMPLETED CANDLE: RED | Vol: 57,840 <✗ 100,000 | Green candles with vol: 0/1 needed
16:27:08 [ORGO] QUOTE: $5.7500 vol=100 | filter: $1.00-$20.00
16:27:08 [ORGO] CANDLE BUILDING: GREEN | Vol: 4,777 / 100,000 (5%) | O=5.73 C=5.75
16:27:08 [ORGO] LAST COMPLETED CANDLE: RED | Vol: 57,840 <✗ 100,000 | Green candles with vol: 0/1 needed
16:27:08 [ORGO] QUOTE: $5.7500 vol=100 | filter: $1.00-$20.00
16:27:08 [ORGO] CANDLE BUILDING: GREEN | Vol: 4,777 / 100,000 (5%) | O=5.73 C=5.75
16:27:08 [ORGO] LAST COMPLETED CANDLE: RED | Vol: 57,840 <✗ 100,000 | Green candles with vol: 0/1 needed
16:27:09 [ORGO] QUOTE: $5.8200 vol=376 | filter: $1.00-$20.00
16:27:09 [ORGO] CANDLE BUILDING: GREEN | Vol: 5,153 / 100,000 (5%) | O=5.73 C=5.82
16:27:09 [ORGO] LAST COMPLETED CANDLE: RED | Vol: 57,840 <✗ 100,000 | Green candles with vol: 0/1 needed
16:27:09 [ORGO] QUOTE: $5.8200 vol=376 | filter: $1.00-$20.00
16:27:09 [ORGO] CANDLE BUILDING: GREEN | Vol: 5,153 / 100,000 (5%) | O=5.73 C=5.82
16:27:09 [ORGO] LAST COMPLETED CANDLE: RED | Vol: 57,840 <✗ 100,000 | Green candles with vol: 0/1 needed
16:27:10 [ORGO] QUOTE: $5.8200 vol=376 | filter: $1.00-$20.00
16:27:10 [ORGO] CANDLE BUILDING: GREEN | Vol: 5,529 / 100,000 (6%) | O=5.73 C=5.82
16:27:10 [ORGO] LAST COMPLETED CANDLE: RED | Vol: 57,840 <✗ 100,000 | Green candles with vol: 0/1 needed
16:27:10 [ORGO] QUOTE: $5.8200 vol=376 | filter: $1.00-$20.00
16:27:10 [ORGO] CANDLE BUILDING: GREEN | Vol: 5,529 / 100,000 (6%) | O=5.73 C=5.82
16:27:10 [ORGO] LAST COMPLETED CANDLE: RED | Vol: 57,840 <✗ 100,000 | Green candles with vol: 0/1 needed
16:27:10 [ORGO] QUOTE: $5.8200 vol=500 | filter: $1.00-$20.00
16:27:10 [ORGO] CANDLE BUILDING: GREEN | Vol: 6,029 / 100,000 (6%) | O=5.73 C=5.82
16:27:10 [ORGO] LAST COMPLETED CANDLE: RED | Vol: 57,840 <✗ 100,000 | Green candles with vol: 0/1 needed
16:27:10 [ORGO] QUOTE: $5.8200 vol=500 | filter: $1.00-$20.00
16:27:10 [ORGO] CANDLE BUILDING: GREEN | Vol: 6,029 / 100,000 (6%) | O=5.73 C=5.82
16:27:10 [ORGO] LAST COMPLETED CANDLE: RED | Vol: 57,840 <✗ 100,000 | Green candles with vol: 0/1 needed
16:27:10 [ORGO] QUOTE: $5.8200 vol=500 | filter: $1.00-$20.00
16:27:10 [ORGO] CANDLE BUILDING: GREEN | Vol: 6,529 / 100,000 (7%) | O=5.73 C=5.82
16:27:10 [ORGO] LAST COMPLETED CANDLE: RED | Vol: 57,840 <✗ 100,000 | Green candles with vol: 0/1 needed
16:27:10 [ORGO] QUOTE: $5.8200 vol=500 | filter: $1.00-$20.00
16:27:10 [ORGO] CANDLE BUILDING: GREEN | Vol: 6,529 / 100,000 (7%) | O=5.73 C=5.82
16:27:10 [ORGO] LAST COMPLETED CANDLE: RED | Vol: 57,840 <✗ 100,000 | Green candles with vol: 0/1 needed
16:27:10 [ORGO] QUOTE: $5.8200 vol=100 | filter: $1.00-$20.00
16:27:10 [ORGO] CANDLE BUILDING: GREEN | Vol: 6,629 / 100,000 (7%) | O=5.73 C=5.82
16:27:10 [ORGO] LAST COMPLETED CANDLE: RED | Vol: 57,840 <✗ 100,000 | Green candles with vol: 0/1 needed
16:27:10 [ORGO] QUOTE: $5.8200 vol=100 | filter: $1.00-$20.00
16:27:10 [ORGO] CANDLE BUILDING: GREEN | Vol: 6,629 / 100,000 (7%) | O=5.73 C=5.82
16:27:10 [ORGO] LAST COMPLETED CANDLE: RED | Vol: 57,840 <✗ 100,000 | Green candles with vol: 0/1 needed
16:27:11 [ORGO] QUOTE: $5.8203 vol=615 | filter: $1.00-$20.00
16:27:11 [ORGO] CANDLE BUILDING: GREEN | Vol: 7,244 / 100,000 (7%) | O=5.73 C=5.82
16:27:11 [ORGO] LAST COMPLETED CANDLE: RED | Vol: 57,840 <✗ 100,000 | Green candles with vol: 0/1 needed
16:27:11 [ORGO] QUOTE: $5.8203 vol=615 | filter: $1.00-$20.00
16:27:11 [ORGO] CANDLE BUILDING: GREEN | Vol: 7,244 / 100,000 (7%) | O=5.73 C=5.82
16:27:11 [ORGO] LAST COMPLETED CANDLE: RED | Vol: 57,840 <✗ 100,000 | Green candles with vol: 0/1 needed
16:27:11 [ORGO] QUOTE: $5.8203 vol=615 | filter: $1.00-$20.00
16:27:11 [ORGO] CANDLE BUILDING: GREEN | Vol: 7,859 / 100,000 (8%) | O=5.73 C=5.82
16:27:11 [ORGO] LAST COMPLETED CANDLE: RED | Vol: 57,840 <✗ 100,000 | Green candles with vol: 0/1 needed
16:27:11 [ORGO] QUOTE: $5.8203 vol=615 | filter: $1.00-$20.00
16:27:11 [ORGO] CANDLE BUILDING: GREEN | Vol: 7,859 / 100,000 (8%) | O=5.73 C=5.82
16:27:11 [ORGO] LAST COMPLETED CANDLE: RED | Vol: 57,840 <✗ 100,000 | Green candles with vol: 0/1 needed
16:27:11 [ORGO] QUOTE: $5.8400 vol=500 | filter: $1.00-$20.00
16:27:11 [ORGO] CANDLE BUILDING: GREEN | Vol: 8,359 / 100,000 (8%) | O=5.73 C=5.84
16:27:11 [ORGO] LAST COMPLETED CANDLE: RED | Vol: 57,840 <✗ 100,000 | Green candles with vol: 0/1 needed
16:27:11 [ORGO] QUOTE: $5.8400 vol=500 | filter: $1.00-$20.00
16:27:11 [ORGO] CANDLE BUILDING: GREEN | Vol: 8,359 / 100,000 (8%) | O=5.73 C=5.84
16:27:11 [ORGO] LAST COMPLETED CANDLE: RED | Vol: 57,840 <✗ 100,000 | Green candles with vol: 0/1 needed
16:27:12 [ORGO] QUOTE: $5.8700 vol=1,589 | filter: $1.00-$20.00
16:27:12 [ORGO] CANDLE BUILDING: GREEN | Vol: 9,948 / 100,000 (10%) | O=5.73 C=5.87
16:27:12 [ORGO] LAST COMPLETED CANDLE: RED | Vol: 57,840 <✗ 100,000 | Green candles with vol: 0/1 needed
16:27:12 [ORGO] QUOTE: $5.8700 vol=1,589 | filter: $1.00-$20.00
16:27:12 [ORGO] CANDLE BUILDING: GREEN | Vol: 9,948 / 100,000 (10%) | O=5.73 C=5.87
16:27:12 [ORGO] LAST COMPLETED CANDLE: RED | Vol: 57,840 <✗ 100,000 | Green candles with vol: 0/1 needed
16:27:12 [ORGO] QUOTE: $5.8700 vol=1,589 | filter: $1.00-$20.00
16:27:12 [ORGO] CANDLE BUILDING: GREEN | Vol: 11,537 / 100,000 (12%) | O=5.73 C=5.87
16:27:12 [ORGO] LAST COMPLETED CANDLE: RED | Vol: 57,840 <✗ 100,000 | Green candles with vol: 0/1 needed
16:27:12 [ORGO] QUOTE: $5.8700 vol=1,589 | filter: $1.00-$20.00
16:27:12 [ORGO] CANDLE BUILDING: GREEN | Vol: 11,537 / 100,000 (12%) | O=5.73 C=5.87
16:27:12 [ORGO] LAST COMPLETED CANDLE: RED | Vol: 57,840 <✗ 100,000 | Green candles with vol: 0/1 needed
16:27:12 [ORGO] QUOTE: $5.8700 vol=165 | filter: $1.00-$20.00
16:27:12 [ORGO] CANDLE BUILDING: GREEN | Vol: 11,702 / 100,000 (12%) | O=5.73 C=5.87
16:27:12 [ORGO] LAST COMPLETED CANDLE: RED | Vol: 57,840 <✗ 100,000 | Green candles with vol: 0/1 needed
16:27:12 [ORGO] QUOTE: $5.8700 vol=165 | filter: $1.00-$20.00
16:27:12 [ORGO] CANDLE BUILDING: GREEN | Vol: 11,702 / 100,000 (12%) | O=5.73 C=5.87
16:27:12 [ORGO] LAST COMPLETED CANDLE: RED | Vol: 57,840 <✗ 100,000 | Green candles with vol: 0/1 needed
16:27:13 [ORGO] QUOTE: $5.8700 vol=165 | filter: $1.00-$20.00
16:27:13 [ORGO] CANDLE BUILDING: GREEN | Vol: 11,867 / 100,000 (12%) | O=5.73 C=5.87
16:27:13 [ORGO] LAST COMPLETED CANDLE: RED | Vol: 57,840 <✗ 100,000 | Green candles with vol: 0/1 needed
16:27:13 [ORGO] QUOTE: $5.8700 vol=165 | filter: $1.00-$20.00
16:27:13 [ORGO] CANDLE BUILDING: GREEN | Vol: 11,867 / 100,000 (12%) | O=5.73 C=5.87
16:27:13 [ORGO] LAST COMPLETED CANDLE: RED | Vol: 57,840 <✗ 100,000 | Green candles with vol: 0/1 needed
16:27:13 [ORGO] QUOTE: $5.8700 vol=381 | filter: $1.00-$20.00
16:27:13 [ORGO] CANDLE BUILDING: GREEN | Vol: 12,248 / 100,000 (12%) | O=5.73 C=5.87
16:27:13 [ORGO] LAST COMPLETED CANDLE: RED | Vol: 57,840 <✗ 100,000 | Green candles with vol: 0/1 needed
16:27:13 [ORGO] QUOTE: $5.8700 vol=381 | filter: $1.00-$20.00
16:27:13 [ORGO] CANDLE BUILDING: GREEN | Vol: 12,248 / 100,000 (12%) | O=5.73 C=5.87
16:27:13 [ORGO] LAST COMPLETED CANDLE: RED | Vol: 57,840 <✗ 100,000 | Green candles with vol: 0/1 needed
